2021-02-22 22:08:49,992-DEBUG: Starting new HTTP connection (1): 44.push2.eastmoney.com:80
2021-02-22 22:08:50,105-DEBUG: http://44.push2.eastmoney.com:80 "GET /api/qt/clist/get?cb=jQuery112404219198714508219_1607384110344&pn=1&pz=20&po=1&np=1&ut=bd1d9ddb04089700cf9c27f6f7426281&fltt=2&invt=2&fid=f3&fs=m:90+t:2+f:!50&fields=f1,f2,f3,f4,f5,f6,f7,f8,f9,f10,f12,f13,f14,f15,f16,f17,f18,f20,f21,f23,f24,f25,f26,f22,f33,f11,f62,f128,f136,f115,f152,f124,f107,f104,f105,f140,f141,f207,f208,f209,f222&_=1607384110349 HTTP/1.1" 200 3505
2021-02-22 22:08:50,123- INFO: 存储完成:page:1,id:BK0478,name:有色金属
2021-02-22 22:08:50,126- INFO: 存储完成:page:1,id:BK0479,name:钢铁行业
2021-02-22 22:08:50,129- INFO: 存储完成:page:1,id:BK0732,name:贵金属
2021-02-22 22:08:50,134- INFO: 存储完成:page:1,id:BK0471,name:化纤行业
2021-02-22 22:08:50,139- INFO: 存储完成:page:1,id:BK0464,name:石油行业
2021-02-22 22:08:50,143- INFO: 存储完成:page:1,id:BK0437,name:煤炭采选
2021-02-22 22:08:50,146- INFO: 存储完成:page:1,id:BK0433,name:农牧饲渔
2021-02-22 22:08:50,150- INFO: 存储完成:page:1,id:BK0726,name:园林工程
2021-02-22 22:08:50,153- INFO: 存储完成:page:1,id:BK0731,name:化肥行业
2021-02-22 22:08:50,156- INFO: 存储完成:page:1,id:BK0734,name:珠宝首饰
2021-02-22 22:08:50,160- INFO: 存储完成:page:1,id:BK0538,name:化工行业
2021-02-22 22:08:50,163- INFO: 存储完成:page:1,id:BK0739,name:金属制品
2021-02-22 22:08:50,166- INFO: 存储完成:page:1,id:BK0537,name:材料行业
2021-02-22 22:08:50,169- INFO: 存储完成:page:1,id:BK0738,name:多元金融
2021-02-22 22:08:50,172- INFO: 存储完成:page:1,id:BK0725,name:装修装饰
2021-02-22 22:08:50,175- INFO: 存储完成:page:1,id:BK0728,name:环保工程
2021-02-22 22:08:50,178- INFO: 存储完成:page:1,id:BK0425,name:工程建设
2021-02-22 22:08:50,182- INFO: 存储完成:page:1,id:BK0539,name:综合行业
2021-02-22 22:08:50,185- INFO: 存储完成:page:1,id:BK0436,name:纺织服装
2021-02-22 22:08:50,189- INFO: 存储完成:page:1,id:BK0484,name:国际贸易
2021-02-22 22:08:50,191-DEBUG: Starting new HTTP connection (1): 44.push2.eastmoney.com:80
2021-02-22 22:08:50,275-DEBUG: http://44.push2.eastmoney.com:80 "GET /api/qt/clist/get?cb=jQuery112404219198714508219_1607384110344&pn=2&pz=20&po=1&np=1&ut=bd1d9ddb04089700cf9c27f6f7426281&fltt=2&invt=2&fid=f3&fs=m:90+t:2+f:!50&fields=f1,f2,f3,f4,f5,f6,f7,f8,f9,f10,f12,f13,f14,f15,f16,f17,f18,f20,f21,f23,f24,f25,f26,f22,f33,f11,f62,f128,f136,f115,f152,f124,f107,f104,f105,f140,f141,f207,f208,f209,f222&_=1607384110349 HTTP/1.1" 200 3506
2021-02-22 22:08:50,285- INFO: 存储完成:page:2,id:BK0450,name:港口水运
2021-02-22 22:08:50,288- INFO: 存储完成:page:2,id:BK0421,name:高速公路
2021-02-22 22:08:50,291- INFO: 存储完成:page:2,id:BK0427,name:公用事业
2021-02-22 22:08:50,294- INFO: 存储完成:page:2,id:BK0482,name:商业百货
2021-02-22 22:08:50,298- INFO: 存储完成:page:2,id:BK0424,name:水泥建材
2021-02-22 22:08:50,302- INFO: 存储完成:page:2,id:BK0545,name:机械行业
2021-02-22 22:08:50,307- INFO: 存储完成:page:2,id:BK0457,name:输配电气
2021-02-22 22:08:50,311- INFO: 存储完成:page:2,id:BK0451,name:房地产
2021-02-22 22:08:50,315- INFO: 存储完成:page:2,id:BK0428,name:电力行业
2021-02-22 22:08:50,318- INFO: 存储完成:page:2,id:BK0422,name:交运物流
2021-02-22 22:08:50,322- INFO: 存储完成:page:2,id:BK0448,name:通讯行业
2021-02-22 22:08:50,325- INFO: 存储完成:page:2,id:BK0910,name:专用设备
2021-02-22 22:08:50,329- INFO: 存储完成:page:2,id:BK0729,name:船舶制造
2021-02-22 22:08:50,333- INFO: 存储完成:page:2,id:BK0733,name:包装材料
2021-02-22 22:08:50,337- INFO: 存储完成:page:2,id:BK0429,name:交运设备
2021-02-22 22:08:50,340- INFO: 存储完成:page:2,id:BK0454,name:塑胶制品
2021-02-22 22:08:50,344- INFO: 存储完成:page:2,id:BK0486,name:文化传媒
2021-02-22 22:08:50,348- INFO: 存储完成:page:2,id:BK0470,name:造纸印刷
2021-02-22 22:08:50,351- INFO: 存储完成:page:2,id:BK0485,name:旅游酒店
2021-02-22 22:08:50,355- INFO: 存储完成:page:2,id:BK0458,name:仪器仪表
2021-02-22 22:08:50,356-DEBUG: Starting new HTTP connection (1): 44.push2.eastmoney.com:80
2021-02-22 22:08:50,459-DEBUG: http://44.push2.eastmoney.com:80 "GET /api/qt/clist/get?cb=jQuery112404219198714508219_1607384110344&pn=3&pz=20&po=1&np=1&ut=bd1d9ddb04089700cf9c27f6f7426281&fltt=2&invt=2&fid=f3&fs=m:90+t:2+f:!50&fields=f1,f2,f3,f4,f5,f6,f7,f8,f9,f10,f12,f13,f14,f15,f16,f17,f18,f20,f21,f23,f24,f25,f26,f22,f33,f11,f62,f128,f136,f115,f152,f124,f107,f104,f105,f140,f141,f207,f208,f209,f222&_=1607384110349 HTTP/1.1" 200 3572
2021-02-22 22:08:50,469- INFO: 存储完成:page:3,id:BK0730,name:农药兽药
2021-02-22 22:08:50,473- INFO: 存储完成:page:3,id:BK0465,name:医药制造
2021-02-22 22:08:50,477- INFO: 存储完成:page:3,id:BK0737,name:软件服务
2021-02-22 22:08:50,481- INFO: 存储完成:page:3,id:BK0447,name:电子信息
2021-02-22 22:08:50,486- INFO: 存储完成:page:3,id:BK0736,name:电信运营
2021-02-22 22:08:50,488- INFO: 存储完成:page:3,id:BK0546,name:玻璃陶瓷
2021-02-22 22:08:50,492- INFO: 存储完成:page:3,id:BK0740,name:文教休闲
2021-02-22 22:08:50,496- INFO: 存储完成:page:3,id:BK0420,name:民航机场
2021-02-22 22:08:50,501- INFO: 存储完成:page:3,id:BK0459,name:电子元件
2021-02-22 22:08:50,504- INFO: 存储完成:page:3,id:BK0735,name:安防设备
2021-02-22 22:08:50,507- INFO: 存储完成:page:3,id:BK0481,name:汽车行业
2021-02-22 22:08:50,512- INFO: 存储完成:page:3,id:BK0474,name:保险
2021-02-22 22:08:50,517- INFO: 存储完成:page:3,id:BK0440,name:工艺商品
2021-02-22 22:08:50,520- INFO: 存储完成:page:3,id:BK0727,name:医疗行业
2021-02-22 22:08:50,523- INFO: 存储完成:page:3,id:BK0438,name:食品饮料
2021-02-22 22:08:50,531- INFO: 存储完成:page:3,id:BK0475,name:银行
2021-02-22 22:08:50,536- INFO: 存储完成:page:3,id:BK0456,name:家电行业
2021-02-22 22:08:50,542- INFO: 存储完成:page:3,id:BK0473,name:券商信托
2021-02-22 22:08:50,550- INFO: 存储完成:page:3,id:BK0480,name:航天航空
2021-02-22 22:08:50,558- INFO: 存储完成:page:3,id:BK0476,name:木业家具
2021-02-22 22:08:50,560-DEBUG: Starting new HTTP connection (1): 44.push2.eastmoney.com:80
2021-02-22 22:08:50,645-DEBUG: http://44.push2.eastmoney.com:80 "GET /api/qt/clist/get?cb=jQuery112404219198714508219_1607384110344&pn=4&pz=20&po=1&np=1&ut=bd1d9ddb04089700cf9c27f6f7426281&fltt=2&invt=2&fid=f3&fs=m:90+t:2+f:!50&fields=f1,f2,f3,f4,f5,f6,f7,f8,f9,f10,f12,f13,f14,f15,f16,f17,f18,f20,f21,f23,f24,f25,f26,f22,f33,f11,f62,f128,f136,f115,f152,f124,f107,f104,f105,f140,f141,f207,f208,f209,f222&_=1607384110349 HTTP/1.1" 200 663
2021-02-22 22:08:50,653- INFO: 存储完成:page:4,id:BK0477,name:酿酒行业
2021-02-22 22:08:50,655-DEBUG: Starting new HTTP connection (1): 44.push2.eastmoney.com:80
2021-02-22 22:08:50,739-DEBUG: http://44.push2.eastmoney.com:80 "GET /api/qt/clist/get?cb=jQuery112404219198714508219_1607384110344&pn=5&pz=20&po=1&np=1&ut=bd1d9ddb04089700cf9c27f6f7426281&fltt=2&invt=2&fid=f3&fs=m:90+t:2+f:!50&fields=f1,f2,f3,f4,f5,f6,f7,f8,f9,f10,f12,f13,f14,f15,f16,f17,f18,f20,f21,f23,f24,f25,f26,f22,f33,f11,f62,f128,f136,f115,f152,f124,f107,f104,f105,f140,f141,f207,f208,f209,f222&_=1607384110349 HTTP/1.1" 200 105
2021-02-22 22:08:50,750- INFO: 存储完成:id:20210222BK0478,redu:1.0
2021-02-22 22:08:50,754- INFO: 存储完成:id:20210222BK0479,redu:0.5
2021-02-22 22:08:50,757- INFO: 存储完成:id:20210222BK0732,redu:0.3333333333333333
2021-02-22 22:08:50,761- INFO: 存储完成:id:20210222BK0471,redu:0.25
2021-02-22 22:08:50,766- INFO: 存储完成:id:20210222BK0464,redu:0.2
2021-02-22 22:08:50,771- INFO: 存储完成:id:20210222BK0437,redu:0.16666666666666666
2021-02-22 22:08:50,774- INFO: 存储完成:id:20210222BK0433,redu:0.14285714285714285
2021-02-22 22:08:50,778- INFO: 存储完成:id:20210222BK0726,redu:0.125
2021-02-22 22:08:50,784- INFO: 存储完成:id:20210222BK0731,redu:0.1111111111111111
2021-02-22 22:08:50,788- INFO: 存储完成:id:20210222BK0734,redu:0.1
2021-02-22 22:08:50,792- INFO: 存储完成:id:20210222BK0538,redu:0.09090909090909091
2021-02-22 22:08:50,797- INFO: 存储完成:id:20210222BK0739,redu:0.08333333333333333
2021-02-22 22:08:50,801- INFO: 存储完成:id:20210222BK0537,redu:0.07692307692307693
2021-02-22 22:08:50,807- INFO: 存储完成:id:20210222BK0738,redu:0.07142857142857142
2021-02-22 22:08:50,811- INFO: 存储完成:id:20210222BK0725,redu:0.06666666666666667
2021-02-22 22:08:50,816- INFO: 存储完成:id:20210222BK0728,redu:0.0625
2021-02-22 22:08:50,819- INFO: 存储完成:id:20210222BK0425,redu:0.058823529411764705
2021-02-22 22:08:50,824- INFO: 存储完成:id:20210222BK0539,redu:0.05555555555555555
2021-02-22 22:08:50,832- INFO: 存储完成:id:20210222BK0436,redu:0.05263157894736842
2021-02-22 22:08:50,836- INFO: 存储完成:id:20210222BK0484,redu:0.05
2021-02-22 22:08:50,843- INFO: 存储完成:id:20210222BK0450,redu:0.047619047619047616
2021-02-22 22:08:50,846- INFO: 存储完成:id:20210222BK0421,redu:0.045454545454545456
2021-02-22 22:08:50,850- INFO: 存储完成:id:20210222BK0427,redu:0.043478260869565216
2021-02-22 22:08:50,854- INFO: 存储完成:id:20210222BK0482,redu:0.041666666666666664
2021-02-22 22:08:50,858- INFO: 存储完成:id:20210222BK0424,redu:0.04
2021-02-22 22:08:50,861- INFO: 存储完成:id:20210222BK0545,redu:0.038461538461538464
2021-02-22 22:08:50,865- INFO: 存储完成:id:20210222BK0457,redu:0.037037037037037035
2021-02-22 22:08:50,869- INFO: 存储完成:id:20210222BK0451,redu:0.03571428571428571
2021-02-22 22:08:50,872- INFO: 存储完成:id:20210222BK0428,redu:0.034482758620689655
2021-02-22 22:08:50,876- INFO: 存储完成:id:20210222BK0422,redu:0.03333333333333333
2021-02-22 22:08:50,879- INFO: 存储完成:id:20210222BK0448,redu:0.03225806451612903
2021-02-22 22:08:50,883- INFO: 存储完成:id:20210222BK0910,redu:0.03125
2021-02-22 22:08:50,886- INFO: 存储完成:id:20210222BK0729,redu:0.030303030303030304
2021-02-22 22:08:50,888- INFO: 存储完成:id:20210222BK0733,redu:0.029411764705882353
2021-02-22 22:08:50,892- INFO: 存储完成:id:20210222BK0429,redu:0.02857142857142857
2021-02-22 22:08:50,896- INFO: 存储完成:id:20210222BK0454,redu:0.027777777777777776
2021-02-22 22:08:50,899- INFO: 存储完成:id:20210222BK0486,redu:0.02702702702702703
2021-02-22 22:08:50,903- INFO: 存储完成:id:20210222BK0470,redu:0.02631578947368421
2021-02-22 22:08:50,906- INFO: 存储完成:id:20210222BK0485,redu:0.02564102564102564
2021-02-22 22:08:50,910- INFO: 存储完成:id:20210222BK0458,redu:0.025
2021-02-22 22:08:50,915- INFO: 存储完成:id:20210222BK0730,redu:0.024390243902439025
2021-02-22 22:08:50,919- INFO: 存储完成:id:20210222BK0465,redu:0.023809523809523808
2021-02-22 22:08:50,924- INFO: 存储完成:id:20210222BK0737,redu:0.023255813953488372
2021-02-22 22:08:50,928- INFO: 存储完成:id:20210222BK0447,redu:0.022727272727272728
2021-02-22 22:08:50,931- INFO: 存储完成:id:20210222BK0736,redu:0.022222222222222223
2021-02-22 22:08:50,934- INFO: 存储完成:id:20210222BK0546,redu:0.021739130434782608
2021-02-22 22:08:50,937- INFO: 存储完成:id:20210222BK0740,redu:0.02127659574468085
2021-02-22 22:08:50,940- INFO: 存储完成:id:20210222BK0420,redu:0.020833333333333332
2021-02-22 22:08:50,944- INFO: 存储完成:id:20210222BK0735,redu:0.02040816326530612
2021-02-22 22:08:50,947- INFO: 存储完成:id:20210222BK0459,redu:0.02
2021-02-22 22:08:50,951- INFO: 存储完成:id:20210222BK0481,redu:0.0196078431372549
2021-02-22 22:08:50,954- INFO: 存储完成:id:20210222BK0474,redu:0.019230769230769232
2021-02-22 22:08:50,957- INFO: 存储完成:id:20210222BK0440,redu:0.018867924528301886
2021-02-22 22:08:50,960- INFO: 存储完成:id:20210222BK0727,redu:0.018518518518518517
2021-02-22 22:08:50,963- INFO: 存储完成:id:20210222BK0438,redu:0.01818181818181818
2021-02-22 22:08:50,967- INFO: 存储完成:id:20210222BK0475,redu:0.017857142857142856
2021-02-22 22:08:50,970- INFO: 存储完成:id:20210222BK0456,redu:0.017543859649122806
2021-02-22 22:08:50,973- INFO: 存储完成:id:20210222BK0473,redu:0.017241379310344827
2021-02-22 22:08:50,978- INFO: 存储完成:id:20210222BK0480,redu:0.01694915254237288
2021-02-22 22:08:50,981- INFO: 存储完成:id:20210222BK0476,redu:0.016666666666666666
2021-02-22 22:08:50,986- INFO: 存储完成:id:20210222BK0477,redu:0.01639344262295082
