2021-02-02 18:38:43,940- INFO: 洢:id:600105,name:ɷ
2021-02-02 18:38:47,791- INFO: 洢:id:600121,name:֣ú
2021-02-02 18:39:06,873- INFO: 洢:id:600199,name:Ӿ
2021-02-02 18:39:16,959- INFO: 洢:id:600228,name:ST
2021-02-02 18:39:20,732- INFO: 洢:id:600235,name:ֽ
2021-02-02 18:39:39,717- INFO: 洢:id:600292,name:Զﻷ
2021-02-02 18:40:15,430- INFO: 洢:id:600403,name:Դ
2021-02-02 18:40:16,708- INFO: 洢:id:600405,name:Դ
2021-02-02 18:40:20,472- INFO: 洢:id:600428,name:Զ
2021-02-02 18:40:21,745- INFO: 洢:id:600438,name:ͨɷ
2021-02-02 18:40:40,810- INFO: 洢:id:600537,name:ھ
2021-02-02 18:40:52,155- INFO: 洢:id:600576,name:ԴĻ
2021-02-02 18:41:35,091- INFO: 洢:id:600723,name:̹ɷ
2021-02-02 18:41:41,534- INFO: 洢:id:600751,name:Ƽ
2021-02-02 18:41:51,685- INFO: 洢:id:600792,name:úԴ
2021-02-02 18:41:56,935- INFO: 洢:id:600800,name:ſ
2021-02-02 18:42:12,597- INFO: 洢:id:600869,name:ǻԴ
2021-02-02 18:42:29,211- INFO: 洢:id:600970,name:вĹ
2021-02-02 18:42:35,456- INFO: 洢:id:600983,name:ݶ
2021-02-02 18:42:41,867- INFO: 洢:id:601011,name:̩¡
2021-2021-02-02 18:42:52,657- INFO: 洢:id:601866,name:Զ
2021-02-02 18:43:18,206- INFO: 洢:id:603025,name:2021-02-02 18:43:57,848- INFO: 洢:id:603063,name:
2021-02-02 18:44:01,194- INFO: 洢:id:603126,name:вĽ
2022021-02-02 18:44:12,266- INFO: 洢:id:603338,name:㽭
2021-02-02 18:44:13,385- INFO: 洢:id:603345,name:ʳƷ
2021-02-02 18:44:21,832- INFO: 洢:id:603508,name:˼άп
2021-02-02 18:44:47,059- INFO: 洢:id:603726,name:ʵϼ2021-2021-02-02 18:45:10,299- INFO: 洢:id:603916,name:ղ
2021-02-02 18:45:18,985- INFO: 洢:id:600859,name:
2021-02-02 18:45:34,196- INFO: 洢:id:600666,name:ST
021-02-02 18:45:06,291- INFO: 洢:id:603996,name:*ST
2021-02-02 18:45:10,282- INFO: 洢:id:600715,name:Ͷع
2021-02-02 18:45:12,399- INFO: 洢:id:600239,name:ϳͶ
2021-02-02 18:45:32,273- INFO: 洢:id:603810,name:ɽ
2021-02-02 18:45:42,558- INFO: 洢:id:603687,name:ʤ
2021-02-02 18:45:59,582- INFO: 洢:id:600869,name:Զɷ

2021-02-02 18:44:55,352- INFO: 洢:id:603721,name:й
2021-02-02 18:44:56,462- INFO: 洢:id:603722,name:
2021-02-02 18:44:58,667- INFO: 洢:id:603737,name:
2021-02-02 18:45:08,377- INFO: 洢:id:603856,name:ɷ
2021-02-02 18:45:17,874- INFO: 洢:id:603890,name:
2021-02-02 18:45:35,808- INFO: 洢:id:603990,name:ϿƼ
2021-02-02 18:45:41,750- INFO: 洢:id:600421,name:ST
2021-02-02 18:45:49,739- INFO: 洢:id:603709,name:ԴҾ
2021-02-02 18:45:50,794- INFO: 洢:id:600695,name:ͥͶ
2021-02-02 18:45:59,727- INFO: 洢:id:601216,name:
2021-02-02 18:46:04,079- INFO: 洢:id:601619,name:
2021-02-02 18:46:30,317- INFO: 洢:id:603353,name:˳ʯ
2021-02-02 18:46:36,910- INFO: 洢:id:605199,name:«
2021-02-02 18:46:42,546- INFO: 洢:id:600532,name:δɷ
2021-02-02 18:46:43,312- INFO: 洢:id:600687,name:и̩
н
2021-02-02 18:44:33,238- INFO: 洢:id:300013,name:
2021-02-02 18:44:37,656- INFO: 洢:id:300119,name:
2021-02-02 18:44:45,831- INFO: 洢:id:300225,name:̩
2021-02-02 18:44:49,400- INFO: 洢:id:300323,name:ӹ
2021-02-02 18:44:53,004- INFO: 洢:id:300378,name:
2021-02-02 18:45:01,205- INFO: 洢:id:300591,name:
2021-02-02 18:45:02,947- INFO: 洢:id:300613,name:΢
21-02-02 18:44:27,291- INFO: 洢:id:000799,name:ƹ
2021-02-02 18:44:30,511- INFO: 洢:id:000816,name:ǻũҵ
2021-02-02 18:44:37,576- INFO: 洢:id:000885,name:Ƿ
2021-02-02 18:44:39,177- INFO: 洢:id:000892,name:
2021-02-02 18:44:50,892- INFO: 洢:id:000980,name:*ST̩
2021-02-02 18:44:57,243- INFO: 洢:id:002013,name:к
2021-02-02 18:44:58,055- INFO: 洢:id:002019,name:ڷҽҩ
2021-02-02 18:45:12,250- INFO: 洢:id:002088,name:³
2021-02-02 18:45:15,267- INFO: 洢:id:002113,name:*ST
2021-02-02 18:45:17,414- INFO: 洢:id:002132,name:ǿƼ
2021-02-02 18:45:18,934- INFO: 洢:id:002145,name:кѰ
2021-02-02 18:45:21,060- INFO: 洢:id:002158,name:Ӿ
2021-02-02 18:45:29,894- INFO: 洢:id:002245,name:˳
2021-02-02 18:45:32,068- INFO: 洢:id:002263,name:
2021-02-02 18:45:34,288- INFO: 洢:id:002269,name:
2021-02-02 18:45:40,852- INFO: 洢:id:002331,name:ͨƼ
2021-02-02 18:45:42,332- INFO: 洢:id:002348,name:ֹɷ
2021-02-02 18:45:43,796- INFO: 洢:id:002360,name:ͬ»
2021-02-02 18:45:56,284- INFO: 洢:id:002506,name:Эμ
2021-02-02 18:45:59,195- INFO: 洢:id:002529,name:*STԴ
2021-02-02 18:46:10,214- INFO: 洢:id:002638,name:*ST
2021-02-02 18:46:11,415- INFO: 洢:id:002648,name:ʯ
2021-02-02 18:46:13,218- INFO: 洢:id:002672,name:
2021-02-02 18:46:26,900- INFO: 洢:id:002833,name:
2021-02-02 18:46:32,296- INFO: 洢:id:002745,name:ľɭ
2021-02-02 18:46:33,493- INFO: 洢:id:000615,name:԰
2021-02-02 18:46:37,669- INFO: 洢:id:000557,name:ҵ
2021-02-02 18:46:40,001- INFO: 洢:id:002928,name:ĺ
2021-02-02 18:46:41,705- INFO: 洢:id:002507,name:ե
2021-02-02 18:46:46,659- INFO: 洢:id:002949,name:
2021-02-02 18:46:48,599- INFO: 洢:id:002960,name:
2021-02-02 18:46:52,031- INFO: 洢:id:688222,name:ɶȵ
2021-02-02 18:46:57,549- INFO: 洢:id:002245,name:εо
2021-02-02 18:47:02,597- INFO: 洢:id:300117,name:Ԣɷ
2021-02-02 18:47:04,951- INFO: 洢:id:300152,name:ڻ
2021-02-02 18:47:07,591- INFO: 洢:id:300192,name:˹
2021-02-02 18:47:08,747- INFO: 洢:id:300197,name:̬
2021-02-02 18:47:11,837- INFO: 洢:id:300252,name:ŵ
2021-02-02 18:47:14,179- INFO: 洢:id:300313,name:ɽ
2021-02-02 18:47:19,541- INFO: 洢:id:300437,name:ˮԴ
2021-02-02 18:47:23,013- INFO: 洢:id:300507,name:հ´
2021-02-02 18:47:26,860- INFO: 洢:id:300582,name:Ӣ
2021-02-02 18:47:27,239- INFO: 洢:id:300592,name:
2021-02-02 18:47:30,725- INFO: 洢:id:300678,name:пϢ
2021-02-02 18:47:38,830- INFO: 洢:id:300192,name:Ƶ½
