2021-02-20 18:30:56,013- INFO: 存储完成:id:600000,name:浦发银行202021-02-20 18:30:58,051- INFO: 存储完成:id:600006,name:东风汽车202021-02-20 18:31:00,719- INFO: 存储完成:id:600007,name:中国国贸202021-02-20 18:31:03,246- INFO: 存储完成:id:600008,name:首创股份
2021-02-20 18:31:05,839- INFO: 存储完成:id:600010,name:包钢股份
2021-02-20 18:31:07,960- INFO: 存储完成:id:600011,name:华能国际
2021-02-20 18:31:10,427- INFO: 存储完成:id:600012,name:皖通高速
2021-02-20 18:31:13,189- INFO: 存储完成:id:600015,name:华夏银行
2021-02-20 18:31:16,257- INFO: 存储完成:id:600016,name:民生银行
2021-02-20 18:31:19,030- INFO: 存储完成:id:600017,name:日照港
2021-02-20 18:31:21,286- INFO: 存储完成:id:600019,name:宝钢股份
2021-02-20 18:31:23,312- INFO: 存储完成:id:600022,name:山东钢铁
2021-02-20 18:31:26,042- INFO: 存储完成:id:600023,name:浙能电力
2021-02-20 18:31:29,399- INFO: 存储完成:id:600028,name:中国石化
2021-02-20 18:31:31,599- INFO: 存储完成:id:600029,name:南方航空
2021-02-20 18:31:35,686-ERROR: 存储失败:id:600033,name:福建高速
(1406, "Data too long for column 'zhuang_section' at row 1")
2021-02-20 18:31:39,764- INFO: 存储完成:id:600035,name:楚天高速
2021-02-20 18:31:42,725- INFO: 存储完成:id:600039,name:四川路桥
2021-02-20 18:31:45,159- INFO: 存储完成:id:600050,name:中国联通
2021-02-20 18:31:46,930- INFO: 存储完成:id:600052,name:浙江广厦
2021-02-20 18:31:50,003- INFO: 存储完成:id:600067,name:冠城大通
2021-02-20 18:31:52,080- INFO: 存储完成:id:600073,name:上海梅林
2021-02-20 18:31:54,431- INFO: 存储完成:id:600076,name:康欣新材
2021-02-20 18:31:56,693- INFO: 存储完成:id:600081,name:东风科技
2021-02-20 18:31:58,800- INFO: 存储完成:id:600083,name:*ST博信
2021-02-20 18:32:00,594- INFO: 存储完成:id:600088,name:中视传媒
2021-02-20 18:32:03,364- INFO: 存储完成:id:600089,name:特变电工
2021-02-20 18:32:05,791- INFO: 存储完成:id:600091,name:ST明科
2021-02-20 18:32:07,948- INFO: 存储完成:id:600096,name:云天化
2021-02-20 18:32:09,986- INFO: 存储完成:id:600099,name:林海股份
2021-02-20 18:32:11,830- INFO: 存储完成:id:600100,name:同方股份
2021-02-20 18:32:14,769- INFO: 存储完成:id:600101,name:明星电力
2021-02-20 18:32:17,874- INFO: 存储完成:id:600103,name:青山纸业
2021-02-20 18:32:20,116- INFO: 存储完成:id:600104,name:上汽集团
2021-02-20 18:32:21,668- INFO: 存储完成:id:600105,name:永鼎股份
2021-02-20 18:32:23,711- INFO: 存储完成:id:600118,name:中国卫星
2021-02-20 18:32:25,503- INFO: 存储完成:id:600119,name:ST长投
2021-02-20 18:32:27,334- INFO: 存储完成:id:600121,name:郑州煤电
2021-02-20 18:32:29,562- INFO: 存储完成:id:600123,name:兰花科创
2021-02-20 18:32:31,595- INFO: 存储完成:id:600125,name:铁龙物流
2021-02-20 18:32:33,318- INFO: 存储完成:id:600130,name:波导股份
2021-02-20 18:32:34,940- INFO: 存储完成:id:600131,name:国网信通
2021-02-20 18:32:36,603- INFO: 存储完成:id:600132,name:重庆啤酒
2021-02-20 18:32:38,307- INFO: 存储完成:id:600141,name:兴发集团
2021-02-20 18:32:40,026- INFO: 存储完成:id:600148,name:长春一东
2021-02-20 18:32:42,421- INFO: 存储完成:id:600159,name:大龙地产
2021-02-20 18:32:44,640- INFO: 存储完成:id:600169,name:太原重工
2021-02-20 18:32:46,915- INFO: 存储完成:id:600173,name:卧龙地产
2021-02-20 18:32:48,546- INFO: 存储完成:id:600176,name:中国巨石
2021-02-20 18:32:50,334- INFO: 存储完成:id:600184,name:光电股份
2021-02-20 18:32:52,642- INFO: 存储完成:id:600188,name:兖州煤业
2021-02-20 18:32:55,359- INFO: 存储完成:id:600190,name:锦州港
2021-02-20 18:32:57,287- INFO: 存储完成:id:600199,name:金种子酒
2021-02-20 18:32:59,632- INFO: 存储完成:id:600208,name:新湖中宝
2021-02-20 18:33:01,515- INFO: 存储完成:id:600209,name:ST罗顿
2021-02-20 18:33:04,573- INFO: 存储完成:id:600210,name:紫江企业
2021-02-20 18:33:06,344- INFO: 存储完成:id:600212,name:*ST江泉
2021-02-20 18:33:08,833- INFO: 存储完成:id:600215,name:*ST经开
2021-02-20 18:33:10,561- INFO: 存储完成:id:600218,name:全柴动力
2021-02-20 18:33:12,636- INFO: 存储完成:id:600220,name:江苏阳光
2021-02-20 18:33:14,412- INFO: 存储完成:id:600228,name:ST昌九
2021-02-20 18:33:16,423- INFO: 存储完成:id:600231,name:凌钢股份
2021-02-20 18:33:18,532- INFO: 存储完成:id:600232,name:金鹰股份
2021-02-20 18:33:20,188- INFO: 存储完成:id:600235,name:民丰特纸
2021-02-20 18:33:22,580- INFO: 存储完成:id:600236,name:桂冠电力
2021-02-20 18:33:24,162- INFO: 存储完成:id:600247,name:*ST成城
2021-02-20 18:33:26,504- INFO: 存储完成:id:600252,name:中恒集团
2021-02-20 18:33:28,040- INFO: 存储完成:id:600255,name:*ST梦舟
2021-02-20 18:33:30,440- INFO: 存储完成:id:600256,name:广汇能源
2021-02-20 18:33:32,572- INFO: 存储完成:id:600262,name:北方股份
2021-02-20 18:33:35,645-ERROR: 存储失败:id:600269,name:赣粤高速
(1406, "Data too long for column 'zhuang_section' at row 1")
2021-02-20 18:33:37,154- INFO: 存储完成:id:600275,name:ST昌鱼
2021-02-20 18:33:38,736- INFO: 存储完成:id:600278,name:东方创业
2021-02-20 18:33:40,643- INFO: 存储完成:id:600281,name:太化股份
2021-02-20 18:33:42,656- INFO: 存储完成:id:600282,name:南钢股份
2021-02-20 18:33:44,524- INFO: 存储完成:id:600283,name:钱江水利
2021-02-20 18:33:46,841- INFO: 存储完成:id:600284,name:浦东建设
2021-02-20 18:33:48,991- INFO: 存储完成:id:600288,name:大恒科技
2021-02-20 18:33:51,556- INFO: 存储完成:id:600292,name:远达环保
2021-02-20 18:33:54,041- INFO: 存储完成:id:600301,name:ST南化
2021-02-20 18:33:55,538- INFO: 存储完成:id:600305,name:恒顺醋业
2021-02-20 18:33:57,233- INFO: 存储完成:id:600306,name:*ST商城
2021-02-20 18:33:59,635- INFO: 存储完成:id:600307,name:酒钢宏兴
2021-02-20 18:34:02,027- INFO: 存储完成:id:600310,name:桂东电力
2021-02-20 18:34:03,916- INFO: 存储完成:id:600315,name:上海家化
2021-02-20 18:34:06,671- INFO: 存储完成:id:600320,name:振华重工
2021-02-20 18:34:08,832- INFO: 存储完成:id:600321,name:正源股份
2021-02-20 18:34:11,012- INFO: 存储完成:id:600325,name:华发股份
2021-02-20 18:34:13,350- INFO: 存储完成:id:600333,name:长春燃气
2021-02-20 18:34:14,957- INFO: 存储完成:id:600335,name:国机汽车
2021-02-20 18:34:17,027- INFO: 存储完成:id:600340,name:华夏幸福
2021-02-20 18:34:18,739- INFO: 存储完成:id:600345,name:长江通信
2021-02-20 18:34:20,890- INFO: 存储完成:id:600348,name:阳泉煤业
2021-02-20 18:34:23,052- INFO: 存储完成:id:600352,name:浙江龙盛
2021-02-20 18:34:25,659- INFO: 存储完成:id:600356,name:恒丰纸业
2021-02-20 18:34:27,550- INFO: 存储完成:id:600366,name:宁波韵升
2021-02-20 18:34:30,192- INFO: 存储完成:id:600368,name:五洲交通
2021-02-20 18:34:32,219- INFO: 存储完成:id:600373,name:中文传媒
2021-02-20 18:34:34,342- INFO: 存储完成:id:600375,name:华菱星马
2021-02-20 18:34:38,020- INFO: 存储完成:id:600377,name:宁沪高速
2021-02-20 18:34:39,924- INFO: 存储完成:id:600379,name:宝光股份
2021-02-20 18:34:41,604- INFO: 存储完成:id:600380,name:健康元
2021-02-20 18:34:43,288- INFO: 存储完成:id:600387,name:海越能源
2021-02-20 18:34:45,763- INFO: 存储完成:id:600395,name:盘江股份
2021-02-20 18:34:47,850- INFO: 存储完成:id:600398,name:海澜之家
2021-02-20 18:34:50,122- INFO: 存储完成:id:600400,name:红豆股份
2021-02-20 18:34:52,216- INFO: 存储完成:id:600403,name:大有能源
2021-02-20 18:34:54,146- INFO: 存储完成:id:600405,name:动力源
2021-02-20 18:34:56,178- INFO: 存储完成:id:600408,name:ST安泰
2021-02-20 18:34:57,916- INFO: 存储完成:id:600409,name:三友化工
2021-02-20 18:34:59,980- INFO: 存储完成:id:600428,name:中远海特
2021-02-20 18:35:01,533- INFO: 存储完成:id:600438,name:通威股份
2021-02-20 18:35:04,233- INFO: 存储完成:id:600461,name:洪城水业
2021-02-20 18:35:05,872- INFO: 存储完成:id:600466,name:蓝光发展
2021-02-20 18:35:07,896- INFO: 存储完成:id:600482,name:中国动力
2021-02-20 18:35:09,809- INFO: 存储完成:id:600491,name:龙元建设
2021-02-20 18:35:12,157- INFO: 存储完成:id:600495,name:晋西车轴
2021-02-20 18:35:14,133- INFO: 存储完成:id:600498,name:烽火通信
2021-02-20 18:35:15,940- INFO: 存储完成:id:600503,name:华丽家族
2021-02-20 18:35:17,557- INFO: 存储完成:id:600506,name:香梨股份
2021-02-20 18:35:19,361- INFO: 存储完成:id:600507,name:方大特钢
2021-02-20 18:35:22,141-ERROR: 存储失败:id:600508,name:上海能源
(1406, "Data too long for column 'zhuang_section' at row 1")
2021-02-20 18:35:24,310- INFO: 存储完成:id:600510,name:黑牡丹
2021-02-20 18:35:26,585- INFO: 存储完成:id:600519,name:贵州茅台
2021-02-20 18:35:28,567- INFO: 存储完成:id:600523,name:贵航股份
2021-02-20 18:35:31,181- INFO: 存储完成:id:600528,name:中铁工业
2021-02-20 18:35:33,216- INFO: 存储完成:id:600537,name:亿晶光电
2021-02-20 18:35:34,971- INFO: 存储完成:id:600540,name:新赛股份
2021-02-20 18:35:37,096- INFO: 存储完成:id:600551,name:时代出版
2021-02-20 18:35:39,242- INFO: 存储完成:id:600558,name:大西洋
2021-02-20 18:35:40,957- INFO: 存储完成:id:600559,name:老白干酒
2021-02-20 18:35:42,906- INFO: 存储完成:id:600562,name:国睿科技
2021-02-20 18:35:45,459- INFO: 存储完成:id:600567,name:山鹰国际
2021-02-20 18:35:47,389- INFO: 存储完成:id:600569,name:安阳钢铁
2021-02-20 18:35:49,304- INFO: 存储完成:id:600573,name:惠泉啤酒
2021-02-20 18:35:51,143- INFO: 存储完成:id:600576,name:祥源文化
2021-02-20 18:35:54,088- INFO: 存储完成:id:600578,name:京能电力
2021-02-20 18:35:55,892- INFO: 存储完成:id:600581,name:八一钢铁
2021-02-20 18:35:58,462- INFO: 存储完成:id:600582,name:天地科技
2021-02-20 18:36:00,536- INFO: 存储完成:id:600585,name:海螺水泥
2021-02-20 18:36:02,063- INFO: 存储完成:id:600588,name:用友网络
2021-02-20 18:36:03,898- INFO: 存储完成:id:600590,name:泰豪科技
2021-02-20 18:36:06,209- INFO: 存储完成:id:600593,name:大连圣亚
2021-02-20 18:36:08,018- INFO: 存储完成:id:600596,name:新安股份
2021-02-20 18:36:09,715- INFO: 存储完成:id:600599,name:*ST熊猫
2021-02-20 18:36:11,991- INFO: 存储完成:id:600606,name:绿地控股
2021-02-20 18:36:14,281- INFO: 存储完成:id:600608,name:ST沪科
2021-02-20 18:36:16,283- INFO: 存储完成:id:600616,name:金枫酒业
2021-02-20 18:36:18,692- INFO: 存储完成:id:600619,name:海立股份
2021-02-20 18:36:20,690- INFO: 存储完成:id:600624,name:复旦复华
2021-02-20 18:36:22,624- INFO: 存储完成:id:600629,name:华建集团
2021-02-20 18:36:24,775- INFO: 存储完成:id:600635,name:大众公用
2021-02-20 18:36:26,946- INFO: 存储完成:id:600639,name:浦东金桥
2021-02-20 18:36:29,523- INFO: 存储完成:id:600644,name:乐山电力
2021-02-20 18:36:31,933- INFO: 存储完成:id:600649,name:城投控股
2021-02-20 18:36:33,898- INFO: 存储完成:id:600652,name:ST游久
2021-02-20 18:36:36,076- INFO: 存储完成:id:600660,name:福耀玻璃
2021-02-20 18:36:38,106- INFO: 存储完成:id:600661,name:昂立教育
2021-02-20 18:36:40,249- INFO: 存储完成:id:600663,name:陆家嘴
2021-02-20 18:36:42,771- INFO: 存储完成:id:600665,name:天地源
2021-02-20 18:36:44,569- INFO: 存储完成:id:600673,name:东阳光
2021-02-20 18:36:47,461- INFO: 存储完成:id:600674,name:川投能源
2021-02-20 18:36:49,967- INFO: 存储完成:id:600681,name:百川能源
2021-02-20 18:36:52,228- INFO: 存储完成:id:600688,name:上海石化
2021-02-20 18:36:54,194- INFO: 存储完成:id:600691,name:阳煤化工
2021-02-20 18:36:55,638- INFO: 存储完成:id:600711,name:盛屯矿业
2021-02-20 18:36:58,390-ERROR: 存储失败:id:600717,name:天津港
(1406, "Data too long for column 'zhuang_section' at row 1")
2021-02-20 18:37:00,043- INFO: 存储完成:id:600721,name:ST百花
2021-02-20 18:37:01,620- INFO: 存储完成:id:600722,name:金牛化工
2021-02-20 18:37:04,144- INFO: 存储完成:id:600723,name:首商股份
2021-02-20 18:37:06,097- INFO: 存储完成:id:600727,name:鲁北化工
2021-02-20 18:37:07,953- INFO: 存储完成:id:600730,name:中国高科
2021-02-20 18:37:09,563- INFO: 存储完成:id:600738,name:兰州民百
2021-02-20 18:37:11,321- INFO: 存储完成:id:600742,name:一汽富维
2021-02-20 18:37:12,674- INFO: 存储完成:id:600751,name:海航科技
2021-02-20 18:37:14,682- INFO: 存储完成:id:600767,name:ST运盛
2021-02-20 18:37:16,456- INFO: 存储完成:id:600770,name:综艺股份
2021-02-20 18:37:18,417- INFO: 存储完成:id:600775,name:南京熊猫
2021-02-20 18:37:20,896- INFO: 存储完成:id:600777,name:新潮能源
2021-02-20 18:37:23,065- INFO: 存储完成:id:600778,name:友好集团
2021-02-20 18:37:24,995- INFO: 存储完成:id:600781,name:*ST辅仁
2021-02-20 18:37:28,047- INFO: 存储完成:id:600790,name:轻纺城
2021-02-20 18:37:30,872- INFO: 存储完成:id:600792,name:云煤能源
2021-02-20 18:37:33,048- INFO: 存储完成:id:600793,name:宜宾纸业
2021-02-20 18:37:34,830- INFO: 存储完成:id:600797,name:浙大网新
2021-02-20 18:37:36,816- INFO: 存储完成:id:600798,name:宁波海运
2021-02-20 18:37:38,874- INFO: 存储完成:id:600800,name:天津磁卡
2021-02-20 18:37:41,519- INFO: 存储完成:id:600801,name:华新水泥
2021-02-20 18:37:43,625- INFO: 存储完成:id:600815,name:*ST厦工
2021-02-20 18:37:45,768- INFO: 存储完成:id:600817,name:ST宏盛
2021-02-20 18:37:47,506- INFO: 存储完成:id:600825,name:新华传媒
2021-02-20 18:37:49,978- INFO: 存储完成:id:600839,name:四川长虹
2021-02-20 18:37:52,014- INFO: 存储完成:id:600841,name:上柴股份
2021-02-20 18:37:53,986- INFO: 存储完成:id:600846,name:同济科技
2021-02-20 18:37:56,201- INFO: 存储完成:id:600853,name:龙建股份
2021-02-20 18:37:58,832- INFO: 存储完成:id:600857,name:宁波中百
2021-02-20 18:38:01,468- INFO: 存储完成:id:600863,name:内蒙华电
2021-02-20 18:38:03,172- INFO: 存储完成:id:600867,name:通化东宝
2021-02-20 18:38:05,332- INFO: 存储完成:id:600869,name:智慧能源
2021-02-20 18:38:07,668- INFO: 存储完成:id:600871,name:石化油服
2021-02-20 18:38:09,181- INFO: 存储完成:id:600872,name:中炬高新
2021-02-20 18:38:11,283- INFO: 存储完成:id:600874,name:创业环保
2021-02-20 18:38:12,963- INFO: 存储完成:id:600890,name:中房股份
2021-02-20 18:38:14,907- INFO: 存储完成:id:600892,name:*ST大晟
2021-02-20 18:38:17,330- INFO: 存储完成:id:600900,name:长江电力
2021-02-20 18:38:18,868- INFO: 存储完成:id:600903,name:贵州燃气
2021-02-20 18:38:21,160- INFO: 存储完成:id:600917,name:重庆燃气
2021-02-20 18:38:23,543- INFO: 存储完成:id:600926,name:杭州银行
2021-02-20 18:38:25,650- INFO: 存储完成:id:600958,name:东方证券
2021-02-20 18:38:27,541- INFO: 存储完成:id:600967,name:内蒙一机
2021-02-20 18:38:30,276- INFO: 存储完成:id:600969,name:郴电国际
2021-02-20 18:38:31,985- INFO: 存储完成:id:600970,name:中材国际
2021-02-20 18:38:34,016- INFO: 存储完成:id:600971,name:恒源煤电
2021-02-20 18:38:36,128- INFO: 存储完成:id:600973,name:宝胜股份
2021-02-20 18:38:37,809- INFO: 存储完成:id:600977,name:中国电影
2021-02-20 18:38:40,099- INFO: 存储完成:id:600982,name:宁波热电
2021-02-20 18:38:42,006- INFO: 存储完成:id:600983,name:惠而浦
2021-02-20 18:38:43,651- INFO: 存储完成:id:600985,name:淮北矿业
2021-02-20 18:38:46,062- INFO: 存储完成:id:600987,name:航民股份
2021-02-20 18:38:48,500- INFO: 存储完成:id:601000,name:唐山港
2021-02-20 18:38:50,295- INFO: 存储完成:id:601008,name:连云港
2021-02-20 18:38:51,723- INFO: 存储完成:id:601011,name:宝泰隆
2021-02-20 18:38:53,476- INFO: 存储完成:id:601018,name:宁波港
2021-02-20 18:38:55,095- INFO: 存储完成:id:601058,name:赛轮轮胎
2021-02-20 18:38:56,431- INFO: 存储完成:id:601100,name:恒立液压
2021-02-20 18:38:58,046- INFO: 存储完成:id:601101,name:昊华能源
2021-02-20 18:39:00,193- INFO: 存储完成:id:601107,name:四川成渝
2021-02-20 18:39:01,798- INFO: 存储完成:id:601111,name:中国国航
2021-02-20 18:39:03,882- INFO: 存储完成:id:601127,name:小康股份
2021-02-20 18:39:05,409- INFO: 存储完成:id:601128,name:常熟银行
2021-02-20 18:39:08,611-ERROR: 存储失败:id:601158,name:重庆水务
(1406, "Data too long for column 'zhuang_section' at row 1")
2021-02-20 18:39:10,728- INFO: 存储完成:id:601166,name:兴业银行
2021-02-20 18:39:13,242-ERROR: 存储失败:id:601169,name:北京银行
(1406, "Data too long for column 'zhuang_section' at row 1")
2021-02-20 18:39:15,077- INFO: 存储完成:id:601179,name:中国西电
2021-02-20 18:39:17,014- INFO: 存储完成:id:601186,name:中国铁建
2021-02-20 18:39:19,069- INFO: 存储完成:id:601188,name:龙江交通
id:601991,name:大唐发电
2021-02-20 18:39:04,314- INFO: 存储完成:id:601999,name:出版传媒
2021-02-20 18:39:05,670- INFO: 存储完成:id:603000,name:人民网
2021-02-20 18:39:07,825- INFO: 存储完成:id:603001,name:奥康国际
2021-02-20 18:39:09,273- INFO: 存储完成:id:603002,name:宏昌电子
2021-02-20 18:39:10,639- INFO: 存储完成:id:603007,name:花王股份
2021-02-20 18:39:12,073- INFO: 存储完成:id:603015,name:弘讯科技
2021-02-20 18:39:13,434- INFO: 存储完成:id:603017,name:中衡设计
2021-02-20 18:39:15,027- INFO: 存储完成:id:603018,name:华设集团
2021-02-20 18:39:16,327- INFO: 存储完成:id:603025,name:大豪科技
2021-02-20 18:39:17,625- INFO: 存储完成:id:603028,name:赛福天
2021-02-20 18:39:19,264- INFO: 存储完成:id:603029,name:天鹅股份
:39:01,004- INFO: 存储完成:id:603110,name:东方材料
2021-02-20 18:39:02,752- INFO: 存储完成:id:603117,name:万林物流
2021-02-20 18:39:04,516- INFO: 存储完成:id:603123,name:翠微股份
2021-02-20 18:39:05,861- INFO: 存储完成:id:603128,name:华贸物流
2021-02-20 18:39:07,368- INFO: 存储完成:id:603129,name:春风动力
2021-02-20 18:39:08,642- INFO: 存储完成:id:603133,name:碳元科技
2021-02-20 18:39:09,861- INFO: 存储完成:id:603138,name:海量数据
2021-02-20 18:39:11,446- INFO: 存储完成:id:603165,name:荣晟环保
2021-02-20 18:39:12,814- INFO: 存储完成:id:603168,name:莎普爱思
2021-02-20 18:39:14,242- INFO: 存储完成:id:603203,name:快克股份
2021-02-20 18:39:15,477- INFO: 存储完成:id:603208,name:江山欧派
2021-02-20 18:39:16,958- INFO: 存储完成:id:603223,name:恒通股份
2021-02-20