2021-02-18 19:13:00,234-DEBUG: Starting new HTTP connection (1): data.eastmoney.com:80
2021-02-18 19:13:00,663-DEBUG: http://data.eastmoney.com:80 "GET /stock/tradedetail/2021-02-18.html HTTP/1.1" 200 None
2021-02-18 19:13:00,694- INFO: 存储完成:id:000069,name:华侨城A,trade_date:2021-02-18
2021-02-18 19:13:00,700- INFO: 存储完成:id:000333,name:美的集团,trade_date:2021-02-18
2021-02-18 19:13:00,704- INFO: 存储完成:id:000403,name:双林生物,trade_date:2021-02-18
2021-02-18 19:13:00,710- INFO: 存储完成:id:000488,name:晨鸣纸业,trade_date:2021-02-18
2021-02-18 19:13:00,715- INFO: 存储完成:id:000488,name:晨鸣纸业,trade_date:2021-02-18
2021-02-18 19:13:00,720- INFO: 存储完成:id:000584,name:哈工智能,trade_date:2021-02-18
2021-02-18 19:13:00,725- INFO: 存储完成:id:000633,name:合金投资,trade_date:2021-02-18
2021-02-18 19:13:00,730- INFO: 存储完成:id:000830,name:鲁西化工,trade_date:2021-02-18
2021-02-18 19:13:00,734- INFO: 存储完成:id:000860,name:顺鑫农业,trade_date:2021-02-18
2021-02-18 19:13:00,740- INFO: 存储完成:id:000878,name:云南铜业,trade_date:2021-02-18
2021-02-18 19:13:00,744- INFO: 存储完成:id:000963,name:华东医药,trade_date:2021-02-18
2021-02-18 19:13:00,749- INFO: 存储完成:id:000963,name:华东医药,trade_date:2021-02-18
2021-02-18 19:13:00,753- INFO: 存储完成:id:002007,name:华兰生物,trade_date:2021-02-18
2021-02-18 19:13:00,758- INFO: 存储完成:id:002092,name:中泰化学,trade_date:2021-02-18
2021-02-18 19:13:00,762- INFO: 存储完成:id:002152,name:广电运通,trade_date:2021-02-18
2021-02-18 19:13:00,768- INFO: 存储完成:id:002254,name:泰和新材,trade_date:2021-02-18
2021-02-18 19:13:00,772- INFO: 存储完成:id:002331,name:皖通科技,trade_date:2021-02-18
2021-02-18 19:13:00,777- INFO: 存储完成:id:002378,name:章源钨业,trade_date:2021-02-18
2021-02-18 19:13:00,782- INFO: 存储完成:id:002400,name:省广集团,trade_date:2021-02-18
2021-02-18 19:13:00,787- INFO: 存储完成:id:002557,name:洽洽食品,trade_date:2021-02-18
2021-02-18 19:13:00,791- INFO: 存储完成:id:002668,name:奥马电器,trade_date:2021-02-18
2021-02-18 19:13:00,795- INFO: 存储完成:id:002810,name:山东赫达,trade_date:2021-02-18
2021-02-18 19:13:00,801- INFO: 存储完成:id:002821,name:凯莱英,trade_date:2021-02-18
2021-02-18 19:13:00,805- INFO: 存储完成:id:003000,name:华文食品,trade_date:2021-02-18
2021-02-18 19:13:00,810- INFO: 存储完成:id:003000,name:华文食品,trade_date:2021-02-18
2021-02-18 19:13:00,815- INFO: 存储完成:id:003035,name:南网能源,trade_date:2021-02-18
2021-02-18 19:13:00,820- INFO: 存储完成:id:003036,name:泰坦股份,trade_date:2021-02-18
2021-02-18 19:13:00,824- INFO: 存储完成:id:003037,name:三和管桩,trade_date:2021-02-18
2021-02-18 19:13:00,828- INFO: 存储完成:id:003037,name:三和管桩,trade_date:2021-02-18
2021-02-18 19:13:00,832- INFO: 存储完成:id:200488,name:晨鸣B,trade_date:2021-02-18
2021-02-18 19:13:00,837- INFO: 存储完成:id:300152,name:科融环境,trade_date:2021-02-18
2021-02-18 19:13:00,841- INFO: 存储完成:id:300220,name:金运激光,trade_date:2021-02-18
2021-02-18 19:13:00,846- INFO: 存储完成:id:300368,name:汇金股份,trade_date:2021-02-18
2021-02-18 19:13:00,851- INFO: 存储完成:id:300530,name:达志科技,trade_date:2021-02-18
2021-02-18 19:13:00,856- INFO: 存储完成:id:300641,name:正丹股份,trade_date:2021-02-18
2021-02-18 19:13:00,860- INFO: 存储完成:id:300839,name:博汇股份,trade_date:2021-02-18
2021-02-18 19:13:00,865- INFO: 存储完成:id:300896,name:爱美客,trade_date:2021-02-18
2021-02-18 19:13:00,869- INFO: 存储完成:id:300937,name:药易购,trade_date:2021-02-18
2021-02-18 19:13:00,873- INFO: 存储完成:id:300939,name:秋田微,trade_date:2021-02-18
2021-02-18 19:13:00,881- INFO: 存储完成:id:300940,name:南极光,trade_date:2021-02-18
2021-02-18 19:13:00,885- INFO: 存储完成:id:600086,name:退市金钰,trade_date:2021-02-18
2021-02-18 19:13:00,889- INFO: 存储完成:id:600331,name:宏达股份,trade_date:2021-02-18
2021-02-18 19:13:00,894- INFO: 存储完成:id:600362,name:江西铜业,trade_date:2021-02-18
2021-02-18 19:13:00,898- INFO: 存储完成:id:600392,name:盛和资源,trade_date:2021-02-18
2021-02-18 19:13:00,904- INFO: 存储完成:id:600397,name:安源煤业,trade_date:2021-02-18
2021-02-18 19:13:00,909- INFO: 存储完成:id:600687,name:退市刚泰,trade_date:2021-02-18
2021-02-18 19:13:00,915- INFO: 存储完成:id:600732,name:爱旭股份,trade_date:2021-02-18
2021-02-18 19:13:00,921- INFO: 存储完成:id:600890,name:中房股份,trade_date:2021-02-18
2021-02-18 19:13:00,926- INFO: 存储完成:id:600978,name:*ST宜生,trade_date:2021-02-18
2021-02-18 19:13:00,930- INFO: 存储完成:id:600997,name:开滦股份,trade_date:2021-02-18
2021-02-18 19:13:00,936- INFO: 存储完成:id:601015,name:陕西黑猫,trade_date:2021-02-18
2021-02-18 19:13:00,941- INFO: 存储完成:id:601168,name:西部矿业,trade_date:2021-02-18
2021-02-18 19:13:00,946- INFO: 存储完成:id:603059,name:倍加洁,trade_date:2021-02-18
2021-02-18 19:13:00,951- INFO: 存储完成:id:603399,name:吉翔股份,trade_date:2021-02-18
2021-02-18 19:13:00,957- INFO: 存储完成:id:603882,name:金域医学,trade_date:2021-02-18
2021-02-18 19:13:00,962- INFO: 存储完成:id:605018,name:长华股份,trade_date:2021-02-18
2021-02-18 19:13:00,968- INFO: 存储完成:id:605055,name:迎丰股份,trade_date:2021-02-18
2021-02-18 19:13:00,974- INFO: 存储完成:id:605055,name:迎丰股份,trade_date:2021-02-18
2021-02-18 19:13:00,979- INFO: 存储完成:id:605081,name:太和水,trade_date:2021-02-18
2021-02-18 19:13:00,984- INFO: 存储完成:id:605337,name:李子园,trade_date:2021-02-18
2021-02-18 19:13:00,991- INFO: 存储完成:id:605337,name:李子园,trade_date:2021-02-18
2021-02-18 19:13:00,996- INFO: 存储完成:id:688365,name:光云科技,trade_date:2021-02-18
