2020-08-23 23:11:48,895- INFO: 存储完成:id:000026,name:飞亚达
2020-08-23 23:11:48,957- INFO: 存储完成:id:000026,name:飞亚达
2020-08-23 23:12:35,616- INFO: 存储完成:id:000411,name:英特集团
2020-08-23 23:12:41,186- INFO: 存储完成:id:000421,name:南京公用
2020-08-23 23:12:41,260- INFO: 存储完成:id:000421,name:南京公用
2020-08-23 23:12:48,932- INFO: 存储完成:id:000501,name:鄂武商Ａ
2020-08-23 23:12:48,990- INFO: 存储完成:id:000501,name:鄂武商Ａ
2020-08-23 23:12:49,047- INFO: 存储完成:id:000501,name:鄂武商Ａ
2020-08-23 23:12:59,481- INFO: 存储完成:id:000518,name:四环生物
2020-08-23 23:13:43,642- INFO: 存储完成:id:000591,name:太阳能
2020-08-23 23:14:13,450- INFO: 存储完成:id:000637,name:茂化实华
2020-08-23 23:14:54,047- INFO: 存储完成:id:000712,name:锦龙股份
2020-08-23 23:14:54,108- INFO: 存储完成:id:000712,name:锦龙股份
2020-08-23 23:14:54,163- INFO: 存储完成:id:000712,name:锦龙股份
2020-08-23 23:14:54,224- INFO: 存储完成:id:000712,name:锦龙股份
2020-08-23 23:15:18,125- INFO: 存储完成:id:000757,name:浩物股份
2020-08-23 23:15:31,312- INFO: 存储完成:id:000785,name:居然之家
2020-08-23 23:15:31,371- INFO: 存储完成:id:000785,name:居然之家
2020-08-23 23:15:31,436- INFO: 存储完成:id:000785,name:居然之家
2020-08-23 23:15:34,737- INFO: 存储完成:id:000790,name:华神科技
2020-08-23 23:15:40,490- INFO: 存储完成:id:000798,name:中水渔业
2020-08-23 23:15:40,553- INFO: 存储完成:id:000798,name:中水渔业
2020-08-23 23:15:59,290- INFO: 存储完成:id:000828,name:东莞控股
2020-08-23 23:16:39,165- INFO: 存储完成:id:000908,name:景峰医药
2020-08-23 23:18:42,506- INFO: 存储完成:id:002082,name:万邦德
2020-08-23 23:18:42,564- INFO: 存储完成:id:002082,name:万邦德
2020-08-23 23:18:59,224- INFO: 存储完成:id:002103,name:广博股份
2020-08-23 23:18:59,287- INFO: 存储完成:id:002103,name:广博股份
2020-08-23 23:18:59,355- INFO: 存储完成:id:002103,name:广博股份
2020-08-23 23:18:59,415- INFO: 存储完成:id:002103,name:广博股份
2020-08-23 23:19:26,863- INFO: 存储完成:id:002138,name:顺络电子
2020-08-23 23:19:26,919- INFO: 存储完成:id:002138,name:顺络电子
2020-08-23 23:19:46,716- INFO: 存储完成:id:002164,name:宁波东力
2020-08-23 23:19:46,775- INFO: 存储完成:id:002164,name:宁波东力
2020-08-23 23:20:40,969- INFO: 存储完成:id:002233,name:塔牌集团
2020-08-23 23:20:47,361- INFO: 存储完成:id:002241,name:歌尔股份
2020-08-23 23:20:47,427- INFO: 存储完成:id:002241,name:歌尔股份
2020-08-23 23:21:22,497- INFO: 存储完成:id:002287,name:奇正藏药
2020-08-23 23:21:44,377- INFO: 存储完成:id:002315,name:焦点科技
2020-08-23 23:21:44,436- INFO: 存储完成:id:002315,name:焦点科技
2020-08-23 23:22:28,928- INFO: 存储完成:id:002371,name:北方华创
2020-08-23 23:22:28,984- INFO: 存储完成:id:002371,name:北方华创
2020-08-23 23:22:29,038- INFO: 存储完成:id:002371,name:北方华创
2020-08-23 23:22:41,059-ERROR: 存储失败:id:002386,name:天原集团
(1265, "Data truncated for column '3_mid_delta_val' at row 1")
2020-08-23 23:22:52,806- INFO: 存储完成:id:002400,name:省广集团
2020-08-23 23:24:45,675- INFO: 存储完成:id:002541,name:鸿路钢构
2020-08-23 23:24:45,728- INFO: 存储完成:id:002541,name:鸿路钢构
2020-08-23 23:24:45,785- INFO: 存储完成:id:002541,name:鸿路钢构
2020-08-23 23:24:45,844- INFO: 存储完成:id:002541,name:鸿路钢构
2020-08-23 23:25:33,428- INFO: 存储完成:id:002600,name:领益智造
2020-08-23 23:25:33,495- INFO: 存储完成:id:002600,name:领益智造
2020-08-23 23:25:33,571- INFO: 存储完成:id:002600,name:领益智造
2020-08-23 23:25:43,480- INFO: 存储完成:id:002613,name:北玻股份
2020-08-23 23:25:53,452- INFO: 存储完成:id:002625,name:光启技术
2020-08-23 23:25:53,515- INFO: 存储完成:id:002625,name:光启技术
2020-08-23 23:25:54,400- INFO: 存储完成:id:002626,name:金达威
2020-08-23 23:25:54,465- INFO: 存储完成:id:002626,name:金达威
2020-08-23 23:25:54,527- INFO: 存储完成:id:002626,name:金达威
2020-08-23 23:26:31,648- INFO: 存储完成:id:002671,name:龙泉股份
2020-08-23 23:26:31,712- INFO: 存储完成:id:002671,name:龙泉股份
2020-08-23 23:26:34,308- INFO: 存储完成:id:002674,name:兴业科技
2020-08-23 23:26:54,464- INFO: 存储完成:id:002699,name:美盛文化
2020-08-23 23:26:54,527- INFO: 存储完成:id:002699,name:美盛文化
2020-08-23 23:26:54,586- INFO: 存储完成:id:002699,name:美盛文化
2020-08-23 23:26:54,649- INFO: 存储完成:id:002699,name:美盛文化
2020-08-23 23:28:04,221- INFO: 存储完成:id:002791,name:坚朗五金
2020-08-23 23:28:04,280- INFO: 存储完成:id:002791,name:坚朗五金
2020-08-23 23:28:04,341- INFO: 存储完成:id:002791,name:坚朗五金
2020-08-23 23:28:09,911- INFO: 存储完成:id:002799,name:环球印务
2020-08-23 23:28:09,973- INFO: 存储完成:id:002799,name:环球印务
2020-08-23 23:28:10,035- INFO: 存储完成:id:002799,name:环球印务
2020-08-23 23:28:10,095- INFO: 存储完成:id:002799,name:环球印务
2020-08-23 23:28:10,155- INFO: 存储完成:id:002799,name:环球印务
2020-08-23 23:28:30,253- INFO: 存储完成:id:002826,name:易明医药
2020-08-23 23:28:59,618- INFO: 存储完成:id:002866,name:传艺科技
2020-08-23 23:28:59,678- INFO: 存储完成:id:002866,name:传艺科技
2020-08-23 23:29:58,809- INFO: 存储完成:id:002945,name:华林证券
2020-08-23 23:29:58,866- INFO: 存储完成:id:002945,name:华林证券
2020-08-23 23:29:58,922- INFO: 存储完成:id:002945,name:华林证券
2020-08-23 23:42:15,272- INFO: 存储完成:id:600012,name:皖通高速
2020-08-23 23:42:17,798- INFO: 存储完成:id:600017,name:日照港
2020-08-23 23:42:30,142- INFO: 存储完成:id:600035,name:楚天高速
2020-08-23 23:42:32,683-ERROR: 存储失败:id:600038,name:中直股份
(1265, "Data truncated for column '3_mid_delta_val' at row 1")
2020-08-23 23:42:33,788- INFO: 存储完成:id:600039,name:四川路桥
2020-08-23 23:42:37,187- INFO: 存储完成:id:600052,name:浙江广厦
2020-08-23 23:42:53,555- INFO: 存储完成:id:600073,name:上海梅林
2020-08-23 23:42:59,454- INFO: 存储完成:id:600081,name:东风科技
2020-08-23 23:43:01,163- INFO: 存储完成:id:600083,name:*ST博信
2020-08-23 23:43:01,224- INFO: 存储完成:id:600083,name:*ST博信
2020-08-23 23:43:04,538- INFO: 存储完成:id:600088,name:中视传媒
2020-08-23 23:43:10,312- INFO: 存储完成:id:600096,name:云天化
2020-08-23 23:43:13,617- INFO: 存储完成:id:600100,name:同方股份
2020-08-23 23:43:17,027- INFO: 存储完成:id:600105,name:永鼎股份
2020-08-23 23:43:24,414- INFO: 存储完成:id:600114,name:东睦股份
2020-08-23 23:43:27,787- INFO: 存储完成:id:600118,name:中国卫星
2020-08-23 23:43:27,849- INFO: 存储完成:id:600118,name:中国卫星
2020-08-23 23:43:27,910- INFO: 存储完成:id:600118,name:中国卫星
2020-08-23 23:43:28,832- INFO: 存储完成:id:600119,name:ST长投
2020-08-23 23:43:30,528- INFO: 存储完成:id:600121,name:郑州煤电
2020-08-23 23:43:37,460- INFO: 存储完成:id:600130,name:波导股份
2020-08-23 23:43:37,525- INFO: 存储完成:id:600130,name:波导股份
2020-08-23 23:43:38,397- INFO: 存储完成:id:600131,name:国网信通
2020-08-23 23:43:38,454- INFO: 存储完成:id:600131,name:国网信通
2020-08-23 23:43:38,510- INFO: 存储完成:id:600131,name:国网信通
2020-08-23 23:43:45,124- INFO: 存储完成:id:600141,name:兴发集团
2020-08-23 23:43:45,184- INFO: 存储完成:id:600141,name:兴发集团
2020-08-23 23:43:48,529- INFO: 存储完成:id:600148,name:长春一东
2020-08-23 23:43:50,214-ERROR: 存储失败:id:600150,name:中国船舶
(1265, "Data truncated for column '3_mid_delta_val' at row 1")
2020-08-23 23:43:57,030- INFO: 存储完成:id:600159,name:大龙地产
2020-08-23 23:44:01,954-ERROR: 存储失败:id:600166,name:福田汽车
(1265, "Data truncated for column '3_mid_delta_val' at row 1")
2020-08-23 23:44:04,477- INFO: 存储完成:id:600169,name:太原重工
2020-08-23 23:44:07,810- INFO: 存储完成:id:600173,name:卧龙地产
2020-08-23 23:44:15,326- INFO: 存储完成:id:600184,name:光电股份
2020-08-23 23:44:20,279- INFO: 存储完成:id:600190,name:锦州港
2020-08-23 23:44:32,768- INFO: 存储完成:id:600208,name:新湖中宝
2020-08-23 23:44:33,640- INFO: 存储完成:id:600209,name:ST罗顿
2020-08-23 23:44:34,626- INFO: 存储完成:id:600210,name:紫江企业
2020-08-23 23:44:36,314- INFO: 存储完成:id:600212,name:*ST江泉
2020-08-23 23:44:38,001- INFO: 存储完成:id:600215,name:*ST经开
2020-08-23 23:44:38,061- INFO: 存储完成:id:600215,name:*ST经开
2020-08-23 23:44:39,763-ERROR: 存储失败:id:600217,name:中再资环
(1265, "Data truncated for column '3_mid_delta_val' at row 1")
2020-08-23 23:44:40,644- INFO: 存储完成:id:600218,name:全柴动力
2020-08-23 23:44:48,095- INFO: 存储完成:id:600228,name:ST昌九
2020-08-23 23:44:53,932- INFO: 存储完成:id:600235,name:民丰特纸
2020-08-23 23:44:53,986- INFO: 存储完成:id:600235,name:民丰特纸
2020-08-23 23:44:54,044- INFO: 存储完成:id:600235,name:民丰特纸
2020-08-23 23:44:57,471- INFO: 存储完成:id:600239,name:云南城投
2020-08-23 23:45:01,631- INFO: 存储完成:id:600247,name:*ST成城
2020-08-23 23:45:01,693- INFO: 存储完成:id:600247,name:*ST成城
2020-08-23 23:45:05,830- INFO: 存储完成:id:600252,name:中恒集团
2020-08-23 23:45:12,394- INFO: 存储完成:id:600262,name:北方股份
2020-08-23 23:45:19,357- INFO: 存储完成:id:600273,name:嘉化能源
2020-08-23 23:45:19,417- INFO: 存储完成:id:600273,name:嘉化能源
2020-08-23 23:45:20,297- INFO: 存储完成:id:600275,name:ST昌鱼
2020-08-23 23:45:26,887- INFO: 存储完成:id:600283,name:钱江水利
2020-08-23 23:45:45,734- INFO: 存储完成:id:600310,name:桂东电力
2020-08-23 23:45:49,873- INFO: 存储完成:id:600316,name:洪都航空
2020-08-23 23:45:54,169- INFO: 存储完成:id:600321,name:正源股份
2020-08-23 23:45:54,244- INFO: 存储完成:id:600321,name:正源股份
2020-08-23 23:46:03,459- INFO: 存储完成:id:600333,name:长春燃气
2020-08-23 23:46:10,047- INFO: 存储完成:id:600345,name:长江通信
2020-08-23 23:46:11,735- INFO: 存储完成:id:600348,name:阳泉煤业
2020-08-23 23:46:30,554- INFO: 存储完成:id:600373,name:中文传媒
2020-08-23 23:46:31,434- INFO: 存储完成:id:600375,name:华菱星马
2020-08-23 23:46:31,492- INFO: 存储完成:id:600375,name:华菱星马
2020-08-23 23:46:40,592- INFO: 存储完成:id:600387,name:海越能源
2020-08-23 23:46:50,628- INFO: 存储完成:id:600400,name:红豆股份
2020-08-23 23:46:51,543- INFO: 存储完成:id:600403,name:大有能源
2020-08-23 23:46:52,414- INFO: 存储完成:id:600405,name:动力源
2020-08-23 23:46:54,952- INFO: 存储完成:id:600409,name:三友化工
2020-08-23 23:46:57,854- INFO: 存储完成:id:600416,name:*ST湘电
2020-08-23 23:47:21,886- INFO: 存储完成:id:600466,name:蓝光发展
2020-08-23 23:47:30,228-ERROR: 存储失败:id:600480,name:凌云股份
(1265, "Data truncated for column '3_mid_delta_val' at row 1")
2020-08-23 23:47:31,930- INFO: 存储完成:id:600482,name:中国动力
2020-08-23 23:47:33,711- INFO: 存储完成:id:600485,name:*ST信威
2020-08-23 23:47:40,392- INFO: 存储完成:id:600495,name:晋西车轴
2020-08-23 23:47:40,454- INFO: 存储完成:id:600495,name:晋西车轴
2020-08-23 23:47:42,983- INFO: 存储完成:id:600498,name:烽火通信
2020-08-23 23:47:47,097- INFO: 存储完成:id:600503,name:华丽家族
2020-08-23 23:47:48,792- INFO: 存储完成:id:600506,name:香梨股份
2020-08-23 23:47:52,139- INFO: 存储完成:id:600510,name:黑牡丹
2020-08-23 23:47:52,198- INFO: 存储完成:id:600510,name:黑牡丹
2020-08-23 23:47:58,267- INFO: 存储完成:id:600518,name:ST康美
2020-08-23 23:47:58,352- INFO: 存储完成:id:600518,name:ST康美
2020-08-23 23:47:59,253- INFO: 存储完成:id:600519,name:贵州茅台
2020-08-23 23:48:02,584- INFO: 存储完成:id:600523,name:贵航股份
2020-08-23 23:48:02,642- INFO: 存储完成:id:600523,name:贵航股份
2020-08-23 23:48:02,704- INFO: 存储完成:id:600523,name:贵航股份
2020-08-23 23:48:02,765- INFO: 存储完成:id:600523,name:贵航股份
2020-08-23 23:48:02,816-ERROR: 存储失败:id:600523,name:贵航股份
(1265, "Data truncated for column '3_mid_delta_val' at row 1")
2020-08-23 23:48:07,769- INFO: 存储完成:id:600530,name:*ST交昂
2020-08-23 23:48:12,729- INFO: 存储完成:id:600537,name:亿晶光电
2020-08-23 23:48:15,479- INFO: 存储完成:id:600540,name:新赛股份
2020-08-23 23:48:15,572- INFO: 存储完成:id:600540,name:新赛股份
2020-08-23 23:48:15,647- INFO: 存储完成:id:600540,name:新赛股份
2020-08-23 23:48:22,340- INFO: 存储完成:id:600551,name:时代出版
2020-08-23 23:48:27,367- INFO: 存储完成:id:600559,name:老白干酒
2020-08-23 23:48:29,941- INFO: 存储完成:id:600562,name:国睿科技
2020-08-23 23:48:30,029- INFO: 存储完成:id:600562,name:国睿科技
2020-08-23 23:48:39,982- INFO: 存储完成:id:600576,name:祥源文化
2020-08-23 23:48:50,212- INFO: 存储完成:id:600588,name:用友网络
2020-08-23 23:48:51,940- INFO: 存储完成:id:600590,name:泰豪科技
2020-08-23 23:48:58,535- INFO: 存储完成:id:600599,name:*ST熊猫
2020-08-23 23:48:58,596- INFO: 存储完成:id:600599,name:*ST熊猫
2020-08-23 23:49:04,361- INFO: 存储完成:id:600606,name:绿地控股
2020-08-23 23:49:05,238- INFO: 存储完成:id:600608,name:ST沪科
2020-08-23 23:49:10,185- INFO: 存储完成:id:600614,name:*ST鹏起
2020-08-23 23:49:10,247- INFO: 存储完成:id:600614,name:*ST鹏起
2020-08-23 23:49:11,119-ERROR: 存储失败:id:600615,name:丰华股份
(1265, "Data truncated for column '3_mid_delta_val' at row 1")
2020-08-23 23:49:12,029- INFO: 存储完成:id:600616,name:金枫酒业
2020-08-23 23:49:14,534- INFO: 存储完成:id:600619,name:海立股份
2020-08-23 23:49:25,562- INFO: 存储完成:id:600636,name:国新文化
2020-08-23 23:49:32,138- INFO: 存储完成:id:600644,name:乐山电力
2020-08-23 23:49:43,163- INFO: 存储完成:id:600660,name:福耀玻璃
2020-08-23 23:49:43,222- INFO: 存储完成:id:600660,name:福耀玻璃
2020-08-23 23:49:44,197- INFO: 存储完成:id:600661,name:昂立教育
2020-08-23 23:49:50,840- INFO: 存储完成:id:600671,name:*ST目药
2020-08-23 23:50:03,162- INFO: 存储完成:id:600688,name:上海石化
2020-08-23 23:50:04,874-ERROR: 存储失败:id:600690,name:海尔智家
(1265, "Data truncated for column '3_mid_delta_val' at row 1")
2020-08-23 23:50:13,073- INFO: 存储完成:id:600701,name:*ST工新
2020-08-23 23:50:14,772- INFO: 存储完成:id:600703,name:三安光电
2020-08-23 23:50:28,721- INFO: 存储完成:id:600721,name:ST百花
2020-08-23 23:50:28,792- INFO: 存储完成:id:600721,name:ST百花
2020-08-23 23:50:28,857- INFO: 存储完成:id:600721,name:ST百花
2020-08-23 23:50:29,735- INFO: 存储完成:id:600722,name:金牛化工
2020-08-23 23:50:29,795- INFO: 存储完成:id:600722,name:金牛化工
2020-08-23 23:50:30,800- INFO: 存储完成:id:600723,name:首商股份
2020-08-23 23:50:30,858- INFO: 存储完成:id:600723,name:首商股份
2020-08-23 23:50:36,933- INFO: 存储完成:id:600730,name:中国高科
2020-08-23 23:50:42,707- INFO: 存储完成:id:600737,name:中粮糖业
2020-08-23 23:50:43,581- INFO: 存储完成:id:600738,name:兰州民百
2020-08-23 23:50:43,640- INFO: 存储完成:id:600738,name:兰州民百
2020-08-23 23:50:43,697- INFO: 存储完成:id:600738,name:兰州民百
2020-08-23 23:50:43,754- INFO: 存储完成:id:600738,name:兰州民百
2020-08-23 23:50:47,080- INFO: 存储完成:id:600742,name:一汽富维
2020-08-23 23:50:47,141- INFO: 存储完成:id:600742,name:一汽富维
2020-08-23 23:50:47,202- INFO: 存储完成:id:600742,name:一汽富维
2020-08-23 23:50:53,787- INFO: 存储完成:id:600751,name:海航科技
2020-08-23 23:50:53,856- INFO: 存储完成:id:600751,name:海航科技
2020-08-23 23:50:54,736- INFO: 存储完成:id:600753,name:东方银星
2020-08-23 23:51:01,323-ERROR: 存储失败:id:600761,name:安徽合力
(1265, "Data truncated for column '3_mid_delta_val' at row 1")
2020-08-23 23:51:03,052- INFO: 存储完成:id:600764,name:中国海防
2020-08-23 23:51:03,921-ERROR: 存储失败:id:600765,name:中航重机
(1265, "Data truncated for column '3_mid_delta_val' at row 1")
2020-08-23 23:51:05,641- INFO: 存储完成:id:600767,name:ST运盛
2020-08-23 23:51:08,227- INFO: 存储完成:id:600770,name:综艺股份
2020-08-23 23:51:08,322- INFO: 存储完成:id:600770,name:综艺股份
2020-08-23 23:51:11,680- INFO: 存储完成:id:600775,name:南京熊猫
2020-08-23 23:51:11,769- INFO: 存储完成:id:600775,name:南京熊猫
2020-08-23 23:51:13,493- INFO: 存储完成:id:600777,name:新潮能源
2020-08-23 23:51:13,590- INFO: 存储完成:id:600777,name:新潮能源
2020-08-23 23:51:14,496- INFO: 存储完成:id:600778,name:友好集团
2020-08-23 23:51:22,787- INFO: 存储完成:id:600790,name:轻纺城
2020-08-23 23:51:25,348- INFO: 存储完成:id:600793,name:宜宾纸业
2020-08-23 23:51:26,263- INFO: 存储完成:id:600794,name:保税科技
2020-08-23 23:51:29,848- INFO: 存储完成:id:600797,name:浙大网新
2020-08-23 23:51:32,442- INFO: 存储完成:id:600801,name:华新水泥
2020-08-23 23:51:42,300- INFO: 存储完成:id:600815,name:*ST厦工
2020-08-23 23:51:50,460- INFO: 存储完成:id:600825,name:新华传媒
2020-08-23 23:51:50,525- INFO: 存储完成:id:600825,name:新华传媒
2020-08-23 23:52:01,126-ERROR: 存储失败:id:600839,name:XD四川长
(1265, "Data truncated for column '3_mid_delta_val' at row 1")
2020-08-23 23:52:02,013- INFO: 存储完成:id:600841,name:上柴股份
2020-08-23 23:52:05,333- INFO: 存储完成:id:600846,name:同济科技
2020-08-23 23:52:09,459- INFO: 存储完成:id:600853,name:龙建股份
2020-08-23 23:52:16,755-ERROR: 存储失败:id:600862,name:中航高科
(1265, "Data truncated for column '3_mid_delta_val' at row 1")
2020-08-23 23:52:28,974- INFO: 存储完成:id:600877,name:ST电能
2020-08-23 23:52:29,040- INFO: 存储完成:id:600877,name:ST电能
2020-08-23 23:52:29,919-ERROR: 存储失败:id:600879,name:航天电子
(1265, "Data truncated for column '3_mid_delta_val' at row 1")
2020-08-23 23:52:38,896- INFO: 存储完成:id:600890,name:中房股份
2020-08-23 23:52:41,396-ERROR: 存储失败:id:600893,name:航发动力
(1265, "Data truncated for column '3_mid_delta_val' at row 1")
2020-08-23 23:52:47,946- INFO: 存储完成:id:600903,name:贵州燃气
2020-08-23 23:52:52,821- INFO: 存储完成:id:600926,name:杭州银行
2020-08-23 23:52:58,509- INFO: 存储完成:id:600958,name:东方证券
2020-08-23 23:53:00,205- INFO: 存储完成:id:600960,name:渤海汽车
2020-08-23 23:53:00,272- INFO: 存储完成:id:600960,name:渤海汽车
2020-08-23 23:53:09,200- INFO: 存储完成:id:600973,name:宝胜股份
2020-08-23 23:53:15,757- INFO: 存储完成:id:600982,name:宁波热电
2020-08-23 23:53:16,633- INFO: 存储完成:id:600983,name:惠而浦
2020-08-23 23:53:16,698- INFO: 存储完成:id:600983,name:惠而浦
2020-08-23 23:53:20,813-ERROR: 存储失败:id:600988,name:赤峰黄金
(1265, "Data truncated for column '3_mid_delta_val' at row 1")
2020-08-23 23:53:37,080- INFO: 存储完成:id:601011,name:宝泰隆
2020-08-23 23:53:40,336- INFO: 存储完成:id:601018,name:宁波港
2020-08-23 23:53:45,270- INFO: 存储完成:id:601058,name:赛轮轮胎
2020-08-23 23:53:45,335- INFO: 存储完成:id:601058,name:赛轮轮胎
2020-08-23 23:53:46,213- INFO: 存储完成:id:601066,name:中信建投
2020-08-23 23:53:46,277- INFO: 存储完成:id:601066,name:中信建投
2020-08-23 23:54:01,726- INFO: 存储完成:id:601127,name:小康股份
2020-08-23 23:54:30,065- INFO: 存储完成:id:601298,name:青岛港
2020-08-23 23:54:32,569- INFO: 存储完成:id:601319,name:中国人保
2020-08-23 23:54:36,685- INFO: 存储完成:id:601336,name:新华保险
2020-08-23 23:54:38,383- INFO: 存储完成:id:601360,name:三六零
2020-08-23 23:54:43,315- INFO: 存储完成:id:601388,name:怡球资源
2020-08-23 23:54:49,810- INFO: 存储完成:id:601518,name:吉林高速
2020-08-23 23:54:49,874- INFO: 存储完成:id:601518,name:吉林高速
2020-08-23 23:54:58,008- INFO: 存储完成:id:601599,name:鹿港文化
2020-08-23 23:54:58,081- INFO: 存储完成:id:601599,name:鹿港文化
2020-08-23 23:55:01,400- INFO: 存储完成:id:601607,name:上海医药
2020-08-23 23:55:04,720- INFO: 存储完成:id:601615,name:明阳智能
2020-08-23 23:55:04,788- INFO: 存储完成:id:601615,name:明阳智能
2020-08-23 23:55:08,049-ERROR: 存储失败:id:601628,name:中国人寿
(1265, "Data truncated for column '3_mid_delta_val' at row 1")
2020-08-23 23:55:14,550- INFO: 存储完成:id:601678,name:滨化股份
2020-08-23 23:55:19,483- INFO: 存储完成:id:601700,name:风范股份
2020-08-23 23:55:21,184- INFO: 存储完成:id:601718,name:际华集团
2020-08-23 23:55:28,436- INFO: 存储完成:id:601800,name:中国交建
2020-08-23 23:55:30,073- INFO: 存储完成:id:601808,name:中海油服
2020-08-23 23:55:30,147- INFO: 存储完成:id:601808,name:中海油服
2020-08-23 23:55:34,957-ERROR: 存储失败:id:601838,name:成都银行
(1265, "Data truncated for column '3_mid_delta_val' at row 1")
2020-08-23 23:55:39,787- INFO: 存储完成:id:601869,name:XD长飞光
2020-08-23 23:55:40,675- INFO: 存储完成:id:601872,name:招商轮船
2020-08-23 23:55:41,563- INFO: 存储完成:id:601877,name:正泰电器
2020-08-23 23:55:53,600-ERROR: 存储失败:id:601919,name:中远海控
(1265, "Data truncated for column '3_mid_delta_val' at row 1")
2020-08-23 23:55:56,107- INFO: 存储完成:id:601933,name:永辉超市
2020-08-23 23:56:00,224- INFO: 存储完成:id:601965,name:中国汽研
2020-08-23 23:56:02,746- INFO: 存储完成:id:601969,name:海南矿业
2020-08-23 23:56:08,362- INFO: 存储完成:id:601992,name:金隅集团
2020-08-23 23:56:14,922- INFO: 存储完成:id:603003,name:龙宇燃油
2020-08-23 23:56:14,992- INFO: 存储完成:id:603003,name:龙宇燃油
2020-08-23 23:56:20,739- INFO: 存储完成:id:603011,name:合锻智能
2020-08-23 23:56:20,805- INFO: 存储完成:id:603011,name:合锻智能
2020-08-23 23:56:20,873- INFO: 存储完成:id:603011,name:合锻智能
2020-08-23 23:56:21,762- INFO: 存储完成:id:603012,name:创力集团
2020-08-23 23:56:33,965- INFO: 存储完成:id:603029,name:天鹅股份
2020-08-23 23:56:38,035- INFO: 存储完成:id:603035,name:常熟汽饰
2020-08-23 23:56:38,103- INFO: 存储完成:id:603035,name:常熟汽饰
2020-08-23 23:56:43,829-ERROR: 存储失败:id:603042,name:华脉科技
(1265, "Data truncated for column '3_mid_delta_val' at row 1")
2020-08-23 23:56:58,483- INFO: 存储完成:id:603079,name:圣达生物
2020-08-23 23:57:01,790-ERROR: 存储失败:id:603085,name:天成自控
(1265, "Data truncated for column '3_mid_delta_val' at row 1")
2020-08-23 23:57:05,095-ERROR: 存储失败:id:603089,name:正裕工业
(1265, "Data truncated for column '3_mid_delta_val' at row 1")
2020-08-23 23:57:05,981- INFO: 存储完成:id:603090,name:宏盛股份
2020-08-23 23:57:09,291- INFO: 存储完成:id:603098,name:森特股份
2020-08-23 23:57:13,406- INFO: 存储完成:id:603105,name:芯能科技
2020-08-23 23:57:16,656- INFO: 存储完成:id:603110,name:东方材料
2020-08-23 23:57:21,591- INFO: 存储完成:id:603118,name:共进股份
2020-08-23 23:57:22,475- INFO: 存储完成:id:603121,name:华培动力
2020-08-23 23:57:22,542- INFO: 存储完成:id:603121,name:华培动力
2020-08-23 23:57:32,319- INFO: 存储完成:id:603157,name:*ST拉夏
2020-08-23 23:57:32,383- INFO: 存储完成:id:603157,name:*ST拉夏
2020-08-23 23:57:37,260- INFO: 存储完成:id:603166,name:福达股份
2020-08-23 23:57:37,329- INFO: 存储完成:id:603166,name:福达股份
2020-08-23 23:57:42,262- INFO: 存储完成:id:603179,name:新泉股份
2020-08-23 23:57:42,329- INFO: 存储完成:id:603179,name:新泉股份
2020-08-23 23:57:52,921- INFO: 存储完成:id:603198,name:迎驾贡酒
2020-08-23 23:58:01,847- INFO: 存储完成:id:603222,name:济民制药
2020-08-23 23:58:05,969- INFO: 存储完成:id:603228,name:景旺电子
2020-08-23 23:58:14,088- INFO: 存储完成:id:603260,name:合盛硅业
2020-08-23 23:58:17,401- INFO: 存储完成:id:603269,name:海鸥股份
2020-08-23 23:58:24,704- INFO: 存储完成:id:603297,name:永新光学
2020-08-23 23:58:27,206- INFO: 存储完成:id:603300,name:华铁应急
2020-08-23 23:58:27,273- INFO: 存储完成:id:603300,name:华铁应急
2020-08-23 23:58:27,336- INFO: 存储完成:id:603300,name:华铁应急
2020-08-23 23:58:33,033- INFO: 存储完成:id:603311,name:金海环境
2020-08-23 23:58:33,096- INFO: 存储完成:id:603311,name:金海环境
2020-08-23 23:58:33,164- INFO: 存储完成:id:603311,name:金海环境
2020-08-23 23:58:36,474- INFO: 存储完成:id:603317,name:天味食品
2020-08-23 23:58:36,543- INFO: 存储完成:id:603317,name:天味食品
2020-08-23 23:58:44,655- INFO: 存储完成:id:603329,name:上海雅仕
2020-08-23 23:58:56,048- INFO: 存储完成:id:603355,name:莱克电气
2020-08-23 23:58:58,556- INFO: 存储完成:id:603358,name:华达科技
2020-08-23 23:59:11,589- INFO: 存储完成:id:603387,name:基蛋生物
2020-08-23 23:59:11,671- INFO: 存储完成:id:603387,name:基蛋生物
2020-08-23 23:59:16,543- INFO: 存储完成:id:603396,name:金辰股份
2020-08-23 23:59:16,623- INFO: 存储完成:id:603396,name:金辰股份
2020-08-23 23:59:16,697- INFO: 存储完成:id:603396,name:金辰股份
2020-08-23 23:59:27,302- INFO: 存储完成:id:603486,name:科沃斯
2020-08-23 23:59:29,806- INFO: 存储完成:id:603496,name:恒为科技
2020-08-23 23:59:29,873- INFO: 存储完成:id:603496,name:恒为科技
2020-08-23 23:59:29,938- INFO: 存储完成:id:603496,name:恒为科技
2020-08-23 23:59:30,003- INFO: 存储完成:id:603496,name:恒为科技
2020-08-23 23:59:37,372- INFO: 存储完成:id:603516,name:淳中科技
2020-08-23 23:59:37,436- INFO: 存储完成:id:603516,name:淳中科技
2020-08-23 23:59:37,507- INFO: 存储完成:id:603516,name:淳中科技
2020-08-23 23:59:45,520- INFO: 存储完成:id:603536,name:惠发食品
2020-08-23 23:59:45,585- INFO: 存储完成:id:603536,name:惠发食品
2020-08-23 23:59:49,709- INFO: 存储完成:id:603557,name:起步股份
2020-08-23 23:59:55,448- INFO: 存储完成:id:603577,name:汇金通
2020-08-23 23:59:55,519- INFO: 存储完成:id:603577,name:汇金通
2020-08-23 23:59:58,771- INFO: 存储完成:id:603583,name:捷昌驱动
2020-08-24 00:00:10,174- INFO: 存储完成:id:603603,name:博天环境
2020-08-24 00:00:12,683- INFO: 存储完成:id:603607,name:京华激光
2020-08-24 00:00:14,382- INFO: 存储完成:id:603609,name:禾丰牧业
2020-08-24 00:00:14,447- INFO: 存储完成:id:603609,name:禾丰牧业
2020-08-24 00:00:16,140- INFO: 存储完成:id:603611,name:诺力股份
2020-08-24 00:00:29,109- INFO: 存储完成:id:603639,name:海利尔
2020-08-24 00:00:31,611- INFO: 存储完成:id:603655,name:朗博科技
2020-08-24 00:00:31,675- INFO: 存储完成:id:603655,name:朗博科技
2020-08-24 00:00:39,837- INFO: 存储完成:id:603666,name:亿嘉和
2020-08-24 00:00:44,758-ERROR: 存储失败:id:603678,name:火炬电子
(1265, "Data truncated for column '3_mid_delta_val' at row 1")
2020-08-24 00:00:47,262- INFO: 存储完成:id:603681,name:永冠新材
2020-08-24 00:00:47,329- INFO: 存储完成:id:603681,name:永冠新材
2020-08-24 00:00:47,398- INFO: 存储完成:id:603681,name:永冠新材
2020-08-24 00:00:47,465- INFO: 存储完成:id:603681,name:永冠新材
2020-08-24 00:00:49,153- INFO: 存储完成:id:603683,name:晶华新材
2020-08-24 00:00:50,037- INFO: 存储完成:id:603685,name:晨丰科技
2020-08-24 00:00:50,910-ERROR: 存储失败:id:603686,name:龙马环卫
(1265, "Data truncated for column '3_mid_delta_val' at row 1")
2020-08-24 00:00:51,800- INFO: 存储完成:id:603687,name:大胜达
2020-08-24 00:00:55,060- INFO: 存储完成:id:603693,name:江苏新能
2020-08-24 00:00:55,946- INFO: 存储完成:id:603696,name:安记食品
2020-08-24 00:00:56,010- INFO: 存储完成:id:603696,name:安记食品
2020-08-24 00:00:56,082- INFO: 存储完成:id:603696,name:安记食品
2020-08-24 00:01:01,006- INFO: 存储完成:id:603703,name:盛洋科技
2020-08-24 00:01:01,073- INFO: 存储完成:id:603703,name:盛洋科技
2020-08-24 00:01:01,140- INFO: 存储完成:id:603703,name:盛洋科技
2020-08-24 00:01:06,066-ERROR: 存储失败:id:603712,name:七一二
(1265, "Data truncated for column '3_mid_delta_val' at row 1")
2020-08-24 00:01:19,087- INFO: 存储完成:id:603738,name:泰晶科技
2020-08-24 00:01:19,155- INFO: 存储完成:id:603738,name:泰晶科技
2020-08-24 00:01:19,216- INFO: 存储完成:id:603738,name:泰晶科技
2020-08-24 00:01:19,280- INFO: 存储完成:id:603738,name:泰晶科技
2020-08-24 00:01:22,553- INFO: 存储完成:id:603758,name:秦安股份
2020-08-24 00:01:23,429-ERROR: 存储失败:id:603766,name:隆鑫通用
(1265, "Data truncated for column '3_mid_delta_val' at row 1")
2020-08-24 00:01:24,320- INFO: 存储完成:id:603767,name:中马传动
2020-08-24 00:01:25,195-ERROR: 存储失败:id:603768,name:常青股份
(1265, "Data truncated for column '3_mid_delta_val' at row 1")
2020-08-24 00:01:32,554- INFO: 存储完成:id:603789,name:星光农机
2020-08-24 00:01:41,517- INFO: 存储完成:id:603810,name:丰山集团
2020-08-24 00:01:41,583- INFO: 存储完成:id:603810,name:丰山集团
2020-08-24 00:01:48,136- INFO: 存储完成:id:603822,name:嘉澳环保
2020-08-24 00:01:52,273- INFO: 存储完成:id:603829,name:洛凯股份
2020-08-24 00:01:52,340- INFO: 存储完成:id:603829,name:洛凯股份
2020-08-24 00:01:53,228- INFO: 存储完成:id:603833,name:欧派家居
2020-08-24 00:01:55,727- INFO: 存储完成:id:603843,name:正平股份
2020-08-24 00:01:55,794- INFO: 存储完成:id:603843,name:正平股份
2020-08-24 00:02:07,165- INFO: 存储完成:id:603876,name:鼎胜新材
2020-08-24 00:02:07,231- INFO: 存储完成:id:603876,name:鼎胜新材
2020-08-24 00:02:14,541-ERROR: 存储失败:id:603886,name:元祖股份
(1265, "Data truncated for column '3_mid_delta_val' at row 1")
2020-08-24 00:02:19,481- INFO: 存储完成:id:603895,name:天永智能
2020-08-24 00:02:43,801-ERROR: 存储失败:id:603949,name:雪龙集团
(1265, "Data truncated for column '3_mid_delta_val' at row 1")
2020-08-24 00:02:47,116- INFO: 存储完成:id:603958,name:哈森股份
2020-08-24 00:02:52,855- INFO: 存储完成:id:603969,name:银龙股份
2020-08-24 00:02:56,117- INFO: 存储完成:id:603978,name:深圳新星
2020-08-24 00:03:08,336- INFO: 存储完成:id:603996,name:*ST中新
2020-08-24 00:03:38,480- INFO: 存储完成:id:688019,name:安集科技
2020-08-24 00:03:38,548- INFO: 存储完成:id:688019,name:安集科技
2020-08-24 00:03:38,612- INFO: 存储完成:id:688019,name:安集科技
2020-08-24 00:04:52,720- INFO: 存储完成:id:688333,name:铂力特
2020-08-24 00:04:52,786- INFO: 存储完成:id:688333,name:铂力特
2020-08-24 00:04:52,851- INFO: 存储完成:id:688333,name:铂力特
2020-08-24 00:04:52,916- INFO: 存储完成:id:688333,name:铂力特
2020-08-24 00:04:52,985- INFO: 存储完成:id:688333,name:铂力特
