2020-08-28 11:14:37,122- INFO: 存储完成:id:002108,name:沧州明珠
2020-08-28 11:14:37,134- INFO: name:沧州明珠,stock_df['P_E'][0]39.20
2020-08-28 11:14:37,134- INFO: name:沧州明珠,mean_70_grade:8.435407094175593
2020-08-28 11:14:37,134- INFO: name:沧州明珠,grade:22.006835665604164,P_E_grade:-1.4285714285714288
2020-08-28 11:14:37,139- INFO: 存储完成:id:002108,name:沧州明珠
2020-09-10 07:40:25,600-ERROR: text
2020-09-10 07:40:44,539-ERROR: text
2020-09-10 07:40:45,446- INFO: 存储完成:id:600018,name:上港集团
2020-09-10 07:40:45,930- INFO: 存储完成:id:600021,name:上海电力
2020-09-10 07:40:46,305- INFO: 存储完成:id:600025,name:华能水电
2020-09-10 07:40:46,727- INFO: 存储完成:id:600030,name:中信证券
2020-09-10 07:40:47,164- INFO: 存储完成:id:600051,name:宁波联合
2020-09-10 07:40:47,586- INFO: 存储完成:id:600053,name:九鼎投资
2020-09-10 07:40:47,899- INFO: 存储完成:id:600055,name:万东医疗
2020-09-10 07:40:48,321- INFO: 存储完成:id:600056,name:中国医药
2020-09-10 07:40:48,711- INFO: 存储完成:id:600062,name:华润双鹤
2020-09-10 07:40:49,133- INFO: 存储完成:id:600063,name:皖维高新
2020-09-10 07:40:49,540- INFO: 存储完成:id:600070,name:浙江富润
2020-09-10 07:40:49,946- INFO: 存储完成:id:600077,name:宋都股份
2020-09-10 07:40:50,243- INFO: flat_list:[(63, 62, 61, 60, 59, 58, 57, 56, 55, 54, 53, 52, 51, 50, 49, 48, 47, 46, 45, 44, 43, 42, 41, 40, 39, 38, 37, 36), (32, 31, 30, 29, 28), (23, 22, 21, 20, 19, 18, 17, 16)],
 up_list:[(31, 21)]
2020-09-10 07:40:50,274- INFO: 存储完成:id:600080,name:ST金花
2020-09-10 07:40:50,696- INFO: 存储完成:id:600082,name:海泰发展
2020-09-10 07:40:51,024- INFO: 存储完成:id:600093,name:易见股份
2020-09-10 07:40:51,446- INFO: 存储完成:id:600095,name:哈高科
2020-09-10 07:40:51,821- INFO: 存储完成:id:600097,name:开创国际
2020-09-10 07:40:52,227- INFO: 存储完成:id:600107,name:美尔雅
2020-09-10 07:40:52,587- INFO: flat_list:[(69, 68, 67, 66, 65, 64, 63, 62, 61, 60, 59, 58, 57, 56, 55, 54, 53, 52, 51, 50, 49, 48, 47, 46), (37, 36, 35, 34, 33), (22, 21, 20, 19, 18, 17, 16, 15), (9, 8, 7, 6, 5, 4, 3)],
 up_list:[(60, 52)]
2020-09-10 07:40:52,634- INFO: 存储完成:id:600110,name:诺德股份
2020-09-10 07:40:52,962- INFO: flat_list:[(70, 69, 68, 67, 66, 65, 64, 63, 62, 61, 60, 59, 58, 57, 56, 55, 54, 53, 52, 51, 50, 49, 48, 47, 46, 45, 44, 43), (41, 40, 39, 38, 37, 36, 35, 34, 33, 32, 31, 30, 29, 28, 27), (22, 21, 20, 19, 18, 17, 16, 15, 14, 13, 12, 11, 10)],
 up_list:[(31, 21)]
2020-09-10 07:40:53,009- INFO: 存储完成:id:600113,name:浙江东日
2020-09-10 07:40:53,415- INFO: 存储完成:id:600114,name:东睦股份
2020-09-10 07:40:53,821- INFO: 存储完成:id:600120,name:浙江东方
